2025-09-20 08:14:23 +0000 [MT] Initial pipeline context: <IDEDistributionProcessingPipelineContext: 0x114bf3f00; archive(resolved)="<IDEArchive: 0x1221f96e0>", distributionTask(resolved)="2", distributionDestination(resolved)="1", distributionMethod(resolved)="<IDEDistributionMethodDevelopmentSigned: 0x1138b30e0>", team(resolved)="<IDEProvisioningBasicTeam: 0x114b8c010; teamID='K39H8JNW83', teamName='(null)'>">
	Chain (14, self inclusive):
	<IDEDistributionProcessingPipelineContext: 0x114bf3f00; archive = "<IDEArchive: 0x1221f96e0>", distributionMethod="<IDEDistributionMethodDevelopmentSigned: 0x1138b30e0>", team="<IDEProvisioningBasicTeam: 0x114b8c010; teamID='K39H8JNW83', teamName='(null)'>">
	<IDEDistributionProcessingPipelineContext: 0x114bf5ba0; archive = "<IDEArchive: 0x1221f96e0>", distributionMethod="<IDEDistributionMethodDevelopmentSigned: 0x1138b30e0>", team="<IDEProvisioningBasicTeam: 0x114b8c010; teamID='K39H8JNW83', teamName='(null)'>">
	<IDEDistributionContext: 0x114b4b180; archive = "<IDEArchive: 0x1221f96e0>", distributionMethod="<IDEDistributionMethodDevelopmentSigned: 0x1138b30e0>", team="<IDEProvisioningBasicTeam: 0x114b8c010; teamID='K39H8JNW83', teamName='(null)'>">
	<IDEDistributionContext: 0x1138b6680; archive = "<IDEArchive: 0x1221f96e0>", distributionMethod="<IDEDistributionMethodDevelopmentSigned: 0x1138b30e0>", team="<IDEProvisioningBasicTeam: 0x114b8c010; teamID='K39H8JNW83', teamName='(null)'>">
	<IDEDistributionContext: 0x1138b6470; archive = "<IDEArchive: 0x1221f96e0>", distributionMethod="<IDEDistributionMethodDevelopmentSigned: 0x1138b30e0>", team="<IDEProvisioningBasicTeam: 0x114b8c010; teamID='K39H8JNW83', teamName='(null)'>">
	<IDEDistributionContext: 0x1138b6260; archive = "<IDEArchive: 0x1221f96e0>", distributionMethod="<IDEDistributionMethodDevelopmentSigned: 0x1138b30e0>", team="<IDEProvisioningBasicTeam: 0x114b8c010; teamID='K39H8JNW83', teamName='(null)'>">
	<IDEDistributionContext: 0x1149f7400; archive = "<IDEArchive: 0x1221f96e0>", distributionMethod="<IDEDistributionMethodDevelopmentSigned: 0x1138b30e0>", team="<IDEProvisioningBasicTeam: 0x114b8c010; teamID='K39H8JNW83', teamName='(null)'>">
	<IDEDistributionContext: 0x1148fc8c0; archive = "<IDEArchive: 0x1221f96e0>", distributionMethod="<IDEDistributionMethodDevelopmentSigned: 0x1138b30e0>", team="<IDEProvisioningBasicTeam: 0x114b8c010; teamID='K39H8JNW83', teamName='(null)'>">
	<IDEDistributionContext: 0x114888e90; archive = "<IDEArchive: 0x1221f96e0>", distributionMethod="<IDEDistributionMethodDevelopmentSigned: 0x1138b30e0>", team="<IDEProvisioningBasicTeam: 0x114b8c010; teamID='K39H8JNW83', teamName='(null)'>">
	<IDEDistributionContext: 0x114888c20; archive = "<IDEArchive: 0x1221f96e0>", distributionMethod="<IDEDistributionMethodDevelopmentSigned: 0x1138b30e0>", team="(null)">
	<IDEDistributionContext: 0x114887160; archive = "<IDEArchive: 0x1221f96e0>", distributionMethod="<IDEDistributionMethodDevelopmentSigned: 0x1138b30e0>", team="(null)">
	<IDEDistributionContext: 0x1148866e0; archive = "<IDEArchive: 0x1221f96e0>", distributionMethod="<IDEDistributionMethodDevelopmentSigned: 0x1138b30e0>", team="(null)">
	<IDEDistributionContext: 0x114b0db90; archive = "<IDEArchive: 0x1221f96e0>", distributionMethod="<IDEDistributionMethodDevelopmentSigned: 0x1138b30e0>", team="(null)">
	<IDEDistributionContext: 0x1221fa800; archive = "<IDEArchive: 0x1221f96e0>", distributionMethod="(null)", team="(null)">
</IDEDistributionProcessingPipelineContext: 0x114bf3f00>
2025-09-20 08:14:23 +0000 [MT] Processing step: IDEDistributionCreateDestRootStep
2025-09-20 08:14:23 +0000 [MT] Processing step: IDEDistributionCopyItemStep
2025-09-20 08:14:23 +0000 [MT] Running /usr/bin/ditto '-V' '/Users/senthilk/Documents/Projects/ReactNative/Vr-Doctor-19092025/ios/OjaskaVRDoctor.xcarchive/Products/Applications/OjaskaVRDoctor.app' '/var/folders/fg/55q19p_d6sb6cj4qsncl_8t80000gn/T/XcodeDistPipeline.~~~zTLVBJ/Root/Payload/OjaskaVRDoctor.app'
2025-09-20 08:14:23 +0000  >>> Copying /Users/senthilk/Documents/Projects/ReactNative/Vr-Doctor-19092025/ios/OjaskaVRDoctor.xcarchive/Products/Applications/OjaskaVRDoctor.app 
2025-09-20 08:14:23 +0000  copying file ./_CodeSignature/CodeResources ... 
2025-09-20 08:14:23 +0000  29999 bytes for ./_CodeSignature/CodeResources
2025-09-20 08:14:23 +0000  copying file ./Fontisto.ttf ... 
2025-09-20 08:14:23 +0000  313528 bytes for ./Fontisto.ttf
2025-09-20 08:14:23 +0000  copying file ./Octicons.ttf ... 
2025-09-20 08:14:23 +0000  49404 bytes for ./Octicons.ttf
2025-09-20 08:14:23 +0000  copying file ./Feather.ttf ... 
2025-09-20 08:14:23 +0000  56228 bytes for ./Feather.ttf
2025-09-20 08:14:23 +0000  copying file ./OjaskaVRDoctor ... 
2025-09-20 08:14:23 +0000  5509824 bytes for ./OjaskaVRDoctor
2025-09-20 08:14:23 +0000  copying file ./ZenKakuGothicAntique-Light.ttf ... 
2025-09-20 08:14:23 +0000  2184344 bytes for ./ZenKakuGothicAntique-Light.ttf
2025-09-20 08:14:23 +0000  copying file ./SplashScreen.storyboardc/EXPO-VIEWCONTROLLER-1-view-EXPO-ContainerView.nib ... 
2025-09-20 08:14:23 +0000  1294 bytes for ./SplashScreen.storyboardc/EXPO-VIEWCONTROLLER-1-view-EXPO-ContainerView.nib
2025-09-20 08:14:23 +0000  copying file ./SplashScreen.storyboardc/SplashScreenViewController.nib ... 
2025-09-20 08:14:23 +0000  1004 bytes for ./SplashScreen.storyboardc/SplashScreenViewController.nib
2025-09-20 08:14:23 +0000  copying file ./SplashScreen.storyboardc/Info.plist ... 
2025-09-20 08:14:23 +0000  225 bytes for ./SplashScreen.storyboardc/Info.plist
2025-09-20 08:14:23 +0000  copying file ./FontAwesome6_Regular.ttf ... 
2025-09-20 08:14:23 +0000  67976 bytes for ./FontAwesome6_Regular.ttf
2025-09-20 08:14:23 +0000  copying file ./ExpoSystemUI_privacy.bundle/PrivacyInfo.xcprivacy ... 
2025-09-20 08:14:23 +0000  607 bytes for ./ExpoSystemUI_privacy.bundle/PrivacyInfo.xcprivacy
2025-09-20 08:14:23 +0000  copying file ./ExpoSystemUI_privacy.bundle/Info.plist ... 
2025-09-20 08:14:23 +0000  784 bytes for ./ExpoSystemUI_privacy.bundle/Info.plist
2025-09-20 08:14:23 +0000  copying file ./ZenKakuGothicAntique-Bold.ttf ... 
2025-09-20 08:14:23 +0000  2324476 bytes for ./ZenKakuGothicAntique-Bold.ttf
2025-09-20 08:14:23 +0000  copying file ./ZenKakuGothicAntique-Medium.ttf ... 
2025-09-20 08:14:23 +0000  2337952 bytes for ./ZenKakuGothicAntique-Medium.ttf
2025-09-20 08:14:23 +0000  copying file ./Entypo.ttf ... 
2025-09-20 08:14:23 +0000  66200 bytes for ./Entypo.ttf
2025-09-20 08:14:23 +0000  copying file ./ZenKakuGothicAntique-Regular.ttf ... 
2025-09-20 08:14:23 +0000  2370412 bytes for ./ZenKakuGothicAntique-Regular.ttf
2025-09-20 08:14:23 +0000  copying file ./FontAwesome5_Brands.ttf ... 
2025-09-20 08:14:23 +0000  134040 bytes for ./FontAwesome5_Brands.ttf
2025-09-20 08:14:23 +0000  copying file ./MaterialCommunityIcons.ttf ... 
2025-09-20 08:14:23 +0000  1147844 bytes for ./MaterialCommunityIcons.ttf
2025-09-20 08:14:23 +0000  copying file ./AppIcon60x60@2x.png ... 
2025-09-20 08:14:23 +0000  495 bytes for ./AppIcon60x60@2x.png
2025-09-20 08:14:23 +0000  copying file ./ExpoConstants_privacy.bundle/PrivacyInfo.xcprivacy ... 
2025-09-20 08:14:23 +0000  607 bytes for ./ExpoConstants_privacy.bundle/PrivacyInfo.xcprivacy
2025-09-20 08:14:23 +0000  copying file ./ExpoConstants_privacy.bundle/Info.plist ... 
2025-09-20 08:14:23 +0000  787 bytes for ./ExpoConstants_privacy.bundle/Info.plist
2025-09-20 08:14:23 +0000  copying file ./AntDesign.ttf ... 
2025-09-20 08:14:23 +0000  70344 bytes for ./AntDesign.ttf
2025-09-20 08:14:23 +0000  copying file ./Foundation.ttf ... 
2025-09-20 08:14:23 +0000  56976 bytes for ./Foundation.ttf
2025-09-20 08:14:23 +0000  copying file ./Ionicons.ttf ... 
2025-09-20 08:14:23 +0000  442604 bytes for ./Ionicons.ttf
2025-09-20 08:14:23 +0000  copying file ./FontAwesome5_Solid.ttf ... 
2025-09-20 08:14:23 +0000  202744 bytes for ./FontAwesome5_Solid.ttf
2025-09-20 08:14:23 +0000  copying file ./FontAwesome5_Regular.ttf ... 
2025-09-20 08:14:23 +0000  33736 bytes for ./FontAwesome5_Regular.ttf
2025-09-20 08:14:23 +0000  copying file ./React-cxxreact_privacy.bundle/PrivacyInfo.xcprivacy ... 
2025-09-20 08:14:23 +0000  552 bytes for ./React-cxxreact_privacy.bundle/PrivacyInfo.xcprivacy
2025-09-20 08:14:23 +0000  copying file ./React-cxxreact_privacy.bundle/Info.plist ... 
2025-09-20 08:14:23 +0000  789 bytes for ./React-cxxreact_privacy.bundle/Info.plist
2025-09-20 08:14:23 +0000  copying file ./FontAwesome.ttf ... 
2025-09-20 08:14:23 +0000  165548 bytes for ./FontAwesome.ttf
2025-09-20 08:14:23 +0000  copying file ./Zocial.ttf ... 
2025-09-20 08:14:23 +0000  25788 bytes for ./Zocial.ttf
2025-09-20 08:14:23 +0000  copying file ./Assets.car ... 
2025-09-20 08:14:23 +0000  27311 bytes for ./Assets.car
2025-09-20 08:14:23 +0000  copying file ./EvilIcons.ttf ... 
2025-09-20 08:14:23 +0000  13456 bytes for ./EvilIcons.ttf
2025-09-20 08:14:23 +0000  copying file ./AppIcon76x76@2x~ipad.png ... 
2025-09-20 08:14:23 +0000  585 bytes for ./AppIcon76x76@2x~ipad.png
2025-09-20 08:14:23 +0000  copying file ./main.jsbundle ... 
2025-09-20 08:14:23 +0000  5371812 bytes for ./main.jsbundle
2025-09-20 08:14:23 +0000  copying file ./EXConstants.bundle/app.config ... 
938 bytes for ./EXConstants.bundle/app.config
copying file ./EXConstants.bundle/Info.plist ... 
765 bytes for ./EXConstants.bundle/Info.plist
copying file ./FontAwesome6_Solid.ttf ... 
2025-09-20 08:14:23 +0000  423676 bytes for ./FontAwesome6_Solid.ttf
2025-09-20 08:14:23 +0000  copying file ./PrivacyInfo.xcprivacy ... 
2025-09-20 08:14:23 +0000  1283 bytes for ./PrivacyInfo.xcprivacy
2025-09-20 08:14:23 +0000  copying file ./RNSVGFilters.bundle/RNSVGArithmeticFilter.iphoneos.metallib ... 
2025-09-20 08:14:23 +0000  3993 bytes for ./RNSVGFilters.bundle/RNSVGArithmeticFilter.iphoneos.metallib
2025-09-20 08:14:23 +0000  copying file ./RNSVGFilters.bundle/RNSVGCompositeXor.iphoneos.metallib ... 
2025-09-20 08:14:23 +0000  3509 bytes for ./RNSVGFilters.bundle/RNSVGCompositeXor.iphoneos.metallib
2025-09-20 08:14:23 +0000  copying file ./RNSVGFilters.bundle/Info.plist ... 
2025-09-20 08:14:23 +0000  768 bytes for ./RNSVGFilters.bundle/Info.plist
2025-09-20 08:14:23 +0000  copying file ./ExpoFileSystem_privacy.bundle/PrivacyInfo.xcprivacy ... 
2025-09-20 08:14:23 +0000  877 bytes for ./ExpoFileSystem_privacy.bundle/PrivacyInfo.xcprivacy
2025-09-20 08:14:23 +0000  copying file ./ExpoFileSystem_privacy.bundle/Info.plist ... 
2025-09-20 08:14:23 +0000  790 bytes for ./ExpoFileSystem_privacy.bundle/Info.plist
2025-09-20 08:14:23 +0000  copying file ./Frameworks/React.framework/_CodeSignature/CodeResources ... 
2025-09-20 08:14:23 +0000  1798 bytes for ./Frameworks/React.framework/_CodeSignature/CodeResources
2025-09-20 08:14:23 +0000  copying file ./Frameworks/React.framework/React ... 
2025-09-20 08:14:23 +0000  11371968 bytes for ./Frameworks/React.framework/React
2025-09-20 08:14:23 +0000  copying file ./Frameworks/React.framework/Info.plist ... 
749 bytes for ./Frameworks/React.framework/Info.plist
copying file ./Frameworks/ReactNativeDependencies.framework/_CodeSignature/CodeResources ... 
3548 bytes for ./Frameworks/ReactNativeDependencies.framework/_CodeSignature/CodeResources
copying file ./Frameworks/ReactNativeDependencies.framework/ReactNativeDependencies_folly.bundle/PrivacyInfo.xcprivacy ... 
552 bytes for ./Frameworks/ReactNativeDependencies.framework/ReactNativeDependencies_folly.bundle/PrivacyInfo.xcprivacy
copying file ./Frameworks/ReactNativeDependencies.framework/ReactNativeDependencies_folly.bundle/Info.plist ... 
2025-09-20 08:14:23 +0000  690 bytes for ./Frameworks/ReactNativeDependencies.framework/ReactNativeDependencies_folly.bundle/Info.plist
2025-09-20 08:14:23 +0000  copying file ./Frameworks/ReactNativeDependencies.framework/ReactNativeDependencies ... 
2025-09-20 08:14:23 +0000  1287280 bytes for ./Frameworks/ReactNativeDependencies.framework/ReactNativeDependencies
2025-09-20 08:14:23 +0000  copying file ./Frameworks/ReactNativeDependencies.framework/ReactNativeDependencies_glog.bundle/PrivacyInfo.xcprivacy ... 
2025-09-20 08:14:23 +0000  552 bytes for ./Frameworks/ReactNativeDependencies.framework/ReactNativeDependencies_glog.bundle/PrivacyInfo.xcprivacy
2025-09-20 08:14:23 +0000  copying file ./Frameworks/ReactNativeDependencies.framework/ReactNativeDependencies_glog.bundle/Info.plist ... 
2025-09-20 08:14:23 +0000  688 bytes for ./Frameworks/ReactNativeDependencies.framework/ReactNativeDependencies_glog.bundle/Info.plist
2025-09-20 08:14:23 +0000  copying file ./Frameworks/ReactNativeDependencies.framework/ReactNativeDependencies_boost.bundle/PrivacyInfo.xcprivacy ... 
2025-09-20 08:14:23 +0000  776 bytes for ./Frameworks/ReactNativeDependencies.framework/ReactNativeDependencies_boost.bundle/PrivacyInfo.xcprivacy
2025-09-20 08:14:23 +0000  copying file ./Frameworks/ReactNativeDependencies.framework/ReactNativeDependencies_boost.bundle/Info.plist ... 
2025-09-20 08:14:23 +0000  690 bytes for ./Frameworks/ReactNativeDependencies.framework/ReactNativeDependencies_boost.bundle/Info.plist
2025-09-20 08:14:23 +0000  copying file ./Frameworks/ReactNativeDependencies.framework/Info.plist ... 
2025-09-20 08:14:23 +0000  782 bytes for ./Frameworks/ReactNativeDependencies.framework/Info.plist
2025-09-20 08:14:23 +0000  copying file ./Frameworks/hermes.framework/_CodeSignature/CodeResources ... 
2025-09-20 08:14:23 +0000  1798 bytes for ./Frameworks/hermes.framework/_CodeSignature/CodeResources
2025-09-20 08:14:23 +0000  copying file ./Frameworks/hermes.framework/hermes ... 
2025-09-20 08:14:23 +0000  4755616 bytes for ./Frameworks/hermes.framework/hermes
2025-09-20 08:14:23 +0000  copying file ./Frameworks/hermes.framework/Info.plist ... 
859 bytes for ./Frameworks/hermes.framework/Info.plist
copying file ./SimpleLineIcons.ttf ... 
2025-09-20 08:14:23 +0000  54056 bytes for ./SimpleLineIcons.ttf
2025-09-20 08:14:23 +0000  copying file ./FontAwesome6_Brands.ttf ... 
2025-09-20 08:14:23 +0000  209376 bytes for ./FontAwesome6_Brands.ttf
2025-09-20 08:14:23 +0000  copying file ./embedded.mobileprovision ... 
2025-09-20 08:14:23 +0000  16437 bytes for ./embedded.mobileprovision
2025-09-20 08:14:23 +0000  copying file ./assets/node_modules/@react-navigation/elements/src/assets/back-icon@3x.png ... 
2025-09-20 08:14:23 +0000  761 bytes for ./assets/node_modules/@react-navigation/elements/src/assets/back-icon@3x.png
2025-09-20 08:14:23 +0000  copying file ./assets/node_modules/@react-navigation/elements/src/assets/back-icon@2x.png ... 
2025-09-20 08:14:23 +0000  405 bytes for ./assets/node_modules/@react-navigation/elements/src/assets/back-icon@2x.png
2025-09-20 08:14:23 +0000  copying file ./assets/node_modules/@react-navigation/elements/src/assets/back-icon.png ... 
2025-09-20 08:14:23 +0000  290 bytes for ./assets/node_modules/@react-navigation/elements/src/assets/back-icon.png
2025-09-20 08:14:23 +0000  copying file ./assets/node_modules/@react-navigation/elements/src/assets/back-icon-mask.png ... 
2025-09-20 08:14:23 +0000  913 bytes for ./assets/node_modules/@react-navigation/elements/src/assets/back-icon-mask.png
2025-09-20 08:14:23 +0000  copying file ./assets/node_modules/@expo/vector-icons/build/vendor/react-native-vector-icons/Fonts/Fontisto.ttf ... 
2025-09-20 08:14:23 +0000  313528 bytes for ./assets/node_modules/@expo/vector-icons/build/vendor/react-native-vector-icons/Fonts/Fontisto.ttf
2025-09-20 08:14:23 +0000  copying file ./assets/node_modules/@expo/vector-icons/build/vendor/react-native-vector-icons/Fonts/Octicons.ttf ... 
2025-09-20 08:14:23 +0000  69436 bytes for ./assets/node_modules/@expo/vector-icons/build/vendor/react-native-vector-icons/Fonts/Octicons.ttf
2025-09-20 08:14:23 +0000  copying file ./assets/node_modules/@expo/vector-icons/build/vendor/react-native-vector-icons/Fonts/Feather.ttf ... 
2025-09-20 08:14:23 +0000  55596 bytes for ./assets/node_modules/@expo/vector-icons/build/vendor/react-native-vector-icons/Fonts/Feather.ttf
2025-09-20 08:14:23 +0000  copying file ./assets/node_modules/@expo/vector-icons/build/vendor/react-native-vector-icons/Fonts/FontAwesome6_Regular.ttf ... 
2025-09-20 08:14:23 +0000  67976 bytes for ./assets/node_modules/@expo/vector-icons/build/vendor/react-native-vector-icons/Fonts/FontAwesome6_Regular.ttf
2025-09-20 08:14:23 +0000  copying file ./assets/node_modules/@expo/vector-icons/build/vendor/react-native-vector-icons/Fonts/Entypo.ttf ... 
2025-09-20 08:14:23 +0000  66200 bytes for ./assets/node_modules/@expo/vector-icons/build/vendor/react-native-vector-icons/Fonts/Entypo.ttf
2025-09-20 08:14:23 +0000  copying file ./assets/node_modules/@expo/vector-icons/build/vendor/react-native-vector-icons/Fonts/FontAwesome5_Brands.ttf ... 
2025-09-20 08:14:23 +0000  134040 bytes for ./assets/node_modules/@expo/vector-icons/build/vendor/react-native-vector-icons/Fonts/FontAwesome5_Brands.ttf
2025-09-20 08:14:23 +0000  copying file ./assets/node_modules/@expo/vector-icons/build/vendor/react-native-vector-icons/Fonts/MaterialCommunityIcons.ttf ... 
2025-09-20 08:14:23 +0000  1307660 bytes for ./assets/node_modules/@expo/vector-icons/build/vendor/react-native-vector-icons/Fonts/MaterialCommunityIcons.ttf
2025-09-20 08:14:23 +0000  copying file ./assets/node_modules/@expo/vector-icons/build/vendor/react-native-vector-icons/Fonts/AntDesign.ttf ... 
2025-09-20 08:14:23 +0000  130484 bytes for ./assets/node_modules/@expo/vector-icons/build/vendor/react-native-vector-icons/Fonts/AntDesign.ttf
2025-09-20 08:14:23 +0000  copying file ./assets/node_modules/@expo/vector-icons/build/vendor/react-native-vector-icons/Fonts/Foundation.ttf ... 
2025-09-20 08:14:23 +0000  56976 bytes for ./assets/node_modules/@expo/vector-icons/build/vendor/react-native-vector-icons/Fonts/Foundation.ttf
2025-09-20 08:14:23 +0000  copying file ./assets/node_modules/@expo/vector-icons/build/vendor/react-native-vector-icons/Fonts/Ionicons.ttf ... 
2025-09-20 08:14:23 +0000  389724 bytes for ./assets/node_modules/@expo/vector-icons/build/vendor/react-native-vector-icons/Fonts/Ionicons.ttf
2025-09-20 08:14:23 +0000  copying file ./assets/node_modules/@expo/vector-icons/build/vendor/react-native-vector-icons/Fonts/FontAwesome5_Solid.ttf ... 
2025-09-20 08:14:23 +0000  202744 bytes for ./assets/node_modules/@expo/vector-icons/build/vendor/react-native-vector-icons/Fonts/FontAwesome5_Solid.ttf
2025-09-20 08:14:23 +0000  copying file ./assets/node_modules/@expo/vector-icons/build/vendor/react-native-vector-icons/Fonts/FontAwesome5_Regular.ttf ... 
2025-09-20 08:14:23 +0000  33736 bytes for ./assets/node_modules/@expo/vector-icons/build/vendor/react-native-vector-icons/Fonts/FontAwesome5_Regular.ttf
2025-09-20 08:14:23 +0000  copying file ./assets/node_modules/@expo/vector-icons/build/vendor/react-native-vector-icons/Fonts/FontAwesome.ttf ... 
2025-09-20 08:14:23 +0000  165548 bytes for ./assets/node_modules/@expo/vector-icons/build/vendor/react-native-vector-icons/Fonts/FontAwesome.ttf
2025-09-20 08:14:23 +0000  copying file ./assets/node_modules/@expo/vector-icons/build/vendor/react-native-vector-icons/Fonts/Zocial.ttf ... 
2025-09-20 08:14:23 +0000  25788 bytes for ./assets/node_modules/@expo/vector-icons/build/vendor/react-native-vector-icons/Fonts/Zocial.ttf
2025-09-20 08:14:23 +0000  copying file ./assets/node_modules/@expo/vector-icons/build/vendor/react-native-vector-icons/Fonts/EvilIcons.ttf ... 
2025-09-20 08:14:23 +0000  13456 bytes for ./assets/node_modules/@expo/vector-icons/build/vendor/react-native-vector-icons/Fonts/EvilIcons.ttf
2025-09-20 08:14:23 +0000  copying file ./assets/node_modules/@expo/vector-icons/build/vendor/react-native-vector-icons/Fonts/FontAwesome6_Solid.ttf ... 
2025-09-20 08:14:23 +0000  423676 bytes for ./assets/node_modules/@expo/vector-icons/build/vendor/react-native-vector-icons/Fonts/FontAwesome6_Solid.ttf
2025-09-20 08:14:23 +0000  copying file ./assets/node_modules/@expo/vector-icons/build/vendor/react-native-vector-icons/Fonts/SimpleLineIcons.ttf ... 
2025-09-20 08:14:23 +0000  54056 bytes for ./assets/node_modules/@expo/vector-icons/build/vendor/react-native-vector-icons/Fonts/SimpleLineIcons.ttf
2025-09-20 08:14:23 +0000  copying file ./assets/node_modules/@expo/vector-icons/build/vendor/react-native-vector-icons/Fonts/FontAwesome6_Brands.ttf ... 
2025-09-20 08:14:23 +0000  209376 bytes for ./assets/node_modules/@expo/vector-icons/build/vendor/react-native-vector-icons/Fonts/FontAwesome6_Brands.ttf
2025-09-20 08:14:23 +0000  copying file ./assets/node_modules/@expo/vector-icons/build/vendor/react-native-vector-icons/Fonts/MaterialIcons.ttf ... 
2025-09-20 08:14:23 +0000  356840 bytes for ./assets/node_modules/@expo/vector-icons/build/vendor/react-native-vector-icons/Fonts/MaterialIcons.ttf
2025-09-20 08:14:23 +0000  copying file ./assets/assets/Women.png ... 
2025-09-20 08:14:23 +0000  588 bytes for ./assets/assets/Women.png
2025-09-20 08:14:23 +0000  copying file ./assets/assets/patientList.png ... 
2025-09-20 08:14:23 +0000  635 bytes for ./assets/assets/patientList.png
2025-09-20 08:14:23 +0000  copying file ./assets/assets/LoginLogo.png ... 
2025-09-20 08:14:23 +0000  477517 bytes for ./assets/assets/LoginLogo.png
2025-09-20 08:14:23 +0000  copying file ./assets/assets/Man.png ... 
2025-09-20 08:14:23 +0000  463 bytes for ./assets/assets/Man.png
2025-09-20 08:14:23 +0000  copying file ./assets/assets/patient.png ... 
2025-09-20 08:14:23 +0000  682 bytes for ./assets/assets/patient.png
2025-09-20 08:14:23 +0000  copying file ./assets/assets/fonts/ZenKakuGothicAntique-Light.ttf ... 
2025-09-20 08:14:23 +0000  2184344 bytes for ./assets/assets/fonts/ZenKakuGothicAntique-Light.ttf
2025-09-20 08:14:23 +0000  copying file ./assets/assets/fonts/ZenKakuGothicAntique-Bold.ttf ... 
2025-09-20 08:14:23 +0000  2324476 bytes for ./assets/assets/fonts/ZenKakuGothicAntique-Bold.ttf
2025-09-20 08:14:23 +0000  copying file ./assets/assets/fonts/ZenKakuGothicAntique-Medium.ttf ... 
2025-09-20 08:14:23 +0000  2337952 bytes for ./assets/assets/fonts/ZenKakuGothicAntique-Medium.ttf
2025-09-20 08:14:23 +0000  copying file ./assets/assets/fonts/ZenKakuGothicAntique-Regular.ttf ... 
2025-09-20 08:14:23 +0000  2370412 bytes for ./assets/assets/fonts/ZenKakuGothicAntique-Regular.ttf
2025-09-20 08:14:23 +0000  copying file ./Info.plist ... 
2025-09-20 08:14:23 +0000  1970 bytes for ./Info.plist
2025-09-20 08:14:23 +0000  copying file ./Expo.plist ... 
2025-09-20 08:14:23 +0000  132 bytes for ./Expo.plist
2025-09-20 08:14:23 +0000  copying file ./RNCAsyncStorage_resources.bundle/PrivacyInfo.xcprivacy ... 
2025-09-20 08:14:23 +0000  512 bytes for ./RNCAsyncStorage_resources.bundle/PrivacyInfo.xcprivacy
2025-09-20 08:14:23 +0000  copying file ./RNCAsyncStorage_resources.bundle/Info.plist ... 
2025-09-20 08:14:23 +0000  794 bytes for ./RNCAsyncStorage_resources.bundle/Info.plist
2025-09-20 08:14:23 +0000  copying file ./PkgInfo ... 
2025-09-20 08:14:23 +0000  8 bytes for ./PkgInfo
2025-09-20 08:14:23 +0000  copying file ./MaterialIcons.ttf ... 
2025-09-20 08:14:23 +0000  356840 bytes for ./MaterialIcons.ttf
2025-09-20 08:14:23 +0000  copying file ./React-Core_privacy.bundle/PrivacyInfo.xcprivacy ... 
2025-09-20 08:14:23 +0000  768 bytes for ./React-Core_privacy.bundle/PrivacyInfo.xcprivacy
2025-09-20 08:14:23 +0000  copying file ./React-Core_privacy.bundle/Info.plist ... 
2025-09-20 08:14:23 +0000  781 bytes for ./React-Core_privacy.bundle/Info.plist
2025-09-20 08:14:23 +0000 [MT] /usr/bin/ditto exited with 0
2025-09-20 08:14:23 +0000 [MT] Processing step: IDEDistributionEmbedProfileStep
2025-09-20 08:14:23 +0000 [MT] Skipping profile for item: <IDEDistributionItem: 0x114b5aeb0; bundleID='react-native.React', path='<DVTFilePath:0x114872220:'/Users/senthilk/Documents/Projects/ReactNative/Vr-Doctor-19092025/ios/OjaskaVRDoctor.xcarchive/Products/Applications/OjaskaVRDoctor.app/Frameworks/React.framework'>', codeSigningInfo='<_DVTCodeSigningInformation_Path: 0x1138d4430; isSigned='1', isAdHocSigned='0', signingCertificate='<DVTSigningCertificate: 0x1138ba600; name='Apple Development: sriharsha katragadda (62W8G598RV)', hash='FB7D8FD8FE85493735A5B11FD6C547B096F3867D', serialNumber='10BB5F2B113421654FB2C6E5C0DA1BC6', certificateKinds='(
    "1.2.840.113635.100.6.1.12",
    "1.2.840.113635.100.6.1.2"
), issueDate='2025-09-16 18:07:04 +0000''>', entitlements='(null)', teamID='K39H8JNW83', identifier='react-native.React', executablePath='<DVTFilePath:0x114872c30:'/Users/senthilk/Documents/Projects/ReactNative/Vr-Doctor-19092025/ios/OjaskaVRDoctor.xcarchive/Products/Applications/OjaskaVRDoctor.app/Frameworks/React.framework/React'>', hardenedRuntime='0'>'>
2025-09-20 08:14:23 +0000 [MT] Skipping profile for item: <IDEDistributionItem: 0x114b62970; bundleID='third-party.ReactNativeDependencies', path='<DVTFilePath:0x114874bb0:'/Users/senthilk/Documents/Projects/ReactNative/Vr-Doctor-19092025/ios/OjaskaVRDoctor.xcarchive/Products/Applications/OjaskaVRDoctor.app/Frameworks/ReactNativeDependencies.framework'>', codeSigningInfo='<_DVTCodeSigningInformation_Path: 0x114b62200; isSigned='1', isAdHocSigned='0', signingCertificate='<DVTSigningCertificate: 0x1138ba600; name='Apple Development: sriharsha katragadda (62W8G598RV)', hash='FB7D8FD8FE85493735A5B11FD6C547B096F3867D', serialNumber='10BB5F2B113421654FB2C6E5C0DA1BC6', certificateKinds='(
    "1.2.840.113635.100.6.1.12",
    "1.2.840.113635.100.6.1.2"
), issueDate='2025-09-16 18:07:04 +0000''>', entitlements='(null)', teamID='K39H8JNW83', identifier='third-party.ReactNativeDependencies', executablePath='<DVTFilePath:0x114878270:'/Users/senthilk/Documents/Projects/ReactNative/Vr-Doctor-19092025/ios/OjaskaVRDoctor.xcarchive/Products/Applications/OjaskaVRDoctor.app/Frameworks/ReactNativeDependencies.framework/ReactNativeDependencies'>', hardenedRuntime='0'>'>
2025-09-20 08:14:23 +0000 [MT] Skipping profile for item: <IDEDistributionItem: 0x114b5f4b0; bundleID='dev.hermesengine.iphoneos', path='<DVTFilePath:0x114b0ff80:'/Users/senthilk/Documents/Projects/ReactNative/Vr-Doctor-19092025/ios/OjaskaVRDoctor.xcarchive/Products/Applications/OjaskaVRDoctor.app/Frameworks/hermes.framework'>', codeSigningInfo='<_DVTCodeSigningInformation_Path: 0x114b618b0; isSigned='1', isAdHocSigned='0', signingCertificate='<DVTSigningCertificate: 0x1138ba600; name='Apple Development: sriharsha katragadda (62W8G598RV)', hash='FB7D8FD8FE85493735A5B11FD6C547B096F3867D', serialNumber='10BB5F2B113421654FB2C6E5C0DA1BC6', certificateKinds='(
    "1.2.840.113635.100.6.1.12",
    "1.2.840.113635.100.6.1.2"
), issueDate='2025-09-16 18:07:04 +0000''>', entitlements='(null)', teamID='K39H8JNW83', identifier='dev.hermesengine.iphoneos', executablePath='<DVTFilePath:0x114b179c0:'/Users/senthilk/Documents/Projects/ReactNative/Vr-Doctor-19092025/ios/OjaskaVRDoctor.xcarchive/Products/Applications/OjaskaVRDoctor.app/Frameworks/hermes.framework/hermes'>', hardenedRuntime='0'>'>
2025-09-20 08:14:23 +0000 [MT] Processing step: IDEDistributionInfoPlistStep
2025-09-20 08:14:23 +0000 [MT] Skipping step: IDEDistributionInfoPlistStep because it said so
2025-09-20 08:14:23 +0000 [MT] Skipping step: IDEDistributionInfoPlistStep because it said so
2025-09-20 08:14:23 +0000 [MT] Skipping step: IDEDistributionInfoPlistStep because it said so
2025-09-20 08:14:23 +0000 [MT] Skipping step: IDEDistributionInfoPlistStep because it said so
2025-09-20 08:14:23 +0000 [MT] Processing step: IDEDistributionAppThinningPlistStep
2025-09-20 08:14:23 +0000 [MT] Skipping step: IDEDistributionAppThinningPlistStep because it said so
2025-09-20 08:14:23 +0000 [MT] Processing step: IDEDistributionSymbolsStep
2025-09-20 08:14:23 +0000 [MT] Skipping step: IDEDistributionSymbolsStep because it said so
2025-09-20 08:14:23 +0000 [MT] Processing step: IDEDistributionAppThinningStep
2025-09-20 08:14:23 +0000 [MT] Skipping step: IDEDistributionAppThinningStep because it said so
2025-09-20 08:14:23 +0000 [MT] Processing step: IDEDistributionArchThinningStep
2025-09-20 08:14:23 +0000 [MT] Item /Users/senthilk/Documents/Projects/ReactNative/Vr-Doctor-19092025/ios/OjaskaVRDoctor.xcarchive/Products/Applications/OjaskaVRDoctor.app/Frameworks/React.framework doesn't have the entitlement com.apple.developer.web-browser-engine.host enabled, returning ["arm64e"]
2025-09-20 08:14:23 +0000 [MT] Archs to thin for item /Users/senthilk/Documents/Projects/ReactNative/Vr-Doctor-19092025/ios/OjaskaVRDoctor.xcarchive/Products/Applications/OjaskaVRDoctor.app/Frameworks/React.framework are ["arm64e"]
2025-09-20 08:14:23 +0000 [MT] Running /Applications/Xcode.app/Contents/Developer/Toolchains/XcodeDefault.xctoolchain/usr/bin/lipo '/var/folders/fg/55q19p_d6sb6cj4qsncl_8t80000gn/T/XcodeDistPipeline.~~~zTLVBJ/Root/Payload/OjaskaVRDoctor.app/Frameworks/React.framework/React' '-verify_arch' 'arm64e'
2025-09-20 08:14:23 +0000 [MT] /Applications/Xcode.app/Contents/Developer/Toolchains/XcodeDefault.xctoolchain/usr/bin/lipo exited with 1
2025-09-20 08:14:23 +0000 [MT] Skipping architecture thinning for item "React" because arch "arm64e" wasn't found
2025-09-20 08:14:23 +0000 [MT] Item /Users/senthilk/Documents/Projects/ReactNative/Vr-Doctor-19092025/ios/OjaskaVRDoctor.xcarchive/Products/Applications/OjaskaVRDoctor.app/Frameworks/ReactNativeDependencies.framework doesn't have the entitlement com.apple.developer.web-browser-engine.host enabled, returning ["arm64e"]
2025-09-20 08:14:23 +0000 [MT] Archs to thin for item /Users/senthilk/Documents/Projects/ReactNative/Vr-Doctor-19092025/ios/OjaskaVRDoctor.xcarchive/Products/Applications/OjaskaVRDoctor.app/Frameworks/ReactNativeDependencies.framework are ["arm64e"]
2025-09-20 08:14:23 +0000 [MT] Running /Applications/Xcode.app/Contents/Developer/Toolchains/XcodeDefault.xctoolchain/usr/bin/lipo '/var/folders/fg/55q19p_d6sb6cj4qsncl_8t80000gn/T/XcodeDistPipeline.~~~zTLVBJ/Root/Payload/OjaskaVRDoctor.app/Frameworks/ReactNativeDependencies.framework/ReactNativeDependencies' '-verify_arch' 'arm64e'
2025-09-20 08:14:23 +0000 [MT] /Applications/Xcode.app/Contents/Developer/Toolchains/XcodeDefault.xctoolchain/usr/bin/lipo exited with 1
2025-09-20 08:14:23 +0000 [MT] Skipping architecture thinning for item "ReactNativeDependencies" because arch "arm64e" wasn't found
2025-09-20 08:14:23 +0000 [MT] Item /Users/senthilk/Documents/Projects/ReactNative/Vr-Doctor-19092025/ios/OjaskaVRDoctor.xcarchive/Products/Applications/OjaskaVRDoctor.app/Frameworks/hermes.framework doesn't have the entitlement com.apple.developer.web-browser-engine.host enabled, returning ["arm64e"]
2025-09-20 08:14:23 +0000 [MT] Archs to thin for item /Users/senthilk/Documents/Projects/ReactNative/Vr-Doctor-19092025/ios/OjaskaVRDoctor.xcarchive/Products/Applications/OjaskaVRDoctor.app/Frameworks/hermes.framework are ["arm64e"]
2025-09-20 08:14:23 +0000 [MT] Running /Applications/Xcode.app/Contents/Developer/Toolchains/XcodeDefault.xctoolchain/usr/bin/lipo '/var/folders/fg/55q19p_d6sb6cj4qsncl_8t80000gn/T/XcodeDistPipeline.~~~zTLVBJ/Root/Payload/OjaskaVRDoctor.app/Frameworks/hermes.framework/hermes' '-verify_arch' 'arm64e'
2025-09-20 08:14:23 +0000 [MT] /Applications/Xcode.app/Contents/Developer/Toolchains/XcodeDefault.xctoolchain/usr/bin/lipo exited with 1
2025-09-20 08:14:23 +0000 [MT] Skipping architecture thinning for item "hermes" because arch "arm64e" wasn't found
2025-09-20 08:14:23 +0000 [MT] Item /Users/senthilk/Documents/Projects/ReactNative/Vr-Doctor-19092025/ios/OjaskaVRDoctor.xcarchive/Products/Applications/OjaskaVRDoctor.app doesn't have the entitlement com.apple.developer.web-browser-engine.host enabled, returning ["arm64e"]
2025-09-20 08:14:23 +0000 [MT] Archs to thin for item /Users/senthilk/Documents/Projects/ReactNative/Vr-Doctor-19092025/ios/OjaskaVRDoctor.xcarchive/Products/Applications/OjaskaVRDoctor.app are ["arm64e"]
2025-09-20 08:14:23 +0000 [MT] Running /Applications/Xcode.app/Contents/Developer/Toolchains/XcodeDefault.xctoolchain/usr/bin/lipo '/var/folders/fg/55q19p_d6sb6cj4qsncl_8t80000gn/T/XcodeDistPipeline.~~~zTLVBJ/Root/Payload/OjaskaVRDoctor.app/OjaskaVRDoctor' '-verify_arch' 'arm64e'
2025-09-20 08:14:23 +0000 [MT] /Applications/Xcode.app/Contents/Developer/Toolchains/XcodeDefault.xctoolchain/usr/bin/lipo exited with 1
2025-09-20 08:14:23 +0000 [MT] Skipping architecture thinning for item "OjaskaVRDoctor" because arch "arm64e" wasn't found
2025-09-20 08:14:23 +0000 [MT] Processing step: IDEDistributionODRStep
2025-09-20 08:14:23 +0000 [MT] Processing step: IDEDistributionStripXattrsStep
2025-09-20 08:14:23 +0000 [MT] Skipping stripping extended attributes because the codesign step will strip them.
2025-09-20 08:14:23 +0000 [MT] Skipping stripping extended attributes because the codesign step will strip them.
2025-09-20 08:14:23 +0000 [MT] Skipping stripping extended attributes because the codesign step will strip them.
2025-09-20 08:14:23 +0000 [MT] Skipping stripping extended attributes because the codesign step will strip them.
2025-09-20 08:14:23 +0000 [MT] Processing step: IDEDistributionCodesignStep
2025-09-20 08:14:23 +0000 [MT] Entitlements for <IDEDistributionItem: 0x114b5aeb0; bundleID='react-native.React', path='<DVTFilePath:0x114872220:'/Users/senthilk/Documents/Projects/ReactNative/Vr-Doctor-19092025/ios/OjaskaVRDoctor.xcarchive/Products/Applications/OjaskaVRDoctor.app/Frameworks/React.framework'>', codeSigningInfo='<_DVTCodeSigningInformation_Path: 0x1138d4430; isSigned='1', isAdHocSigned='0', signingCertificate='<DVTSigningCertificate: 0x120c613c0; name='Apple Development: sriharsha katragadda (62W8G598RV)', hash='FB7D8FD8FE85493735A5B11FD6C547B096F3867D', serialNumber='10BB5F2B113421654FB2C6E5C0DA1BC6', certificateKinds='(
    "1.2.840.113635.100.6.1.12",
    "1.2.840.113635.100.6.1.2"
), issueDate='2025-09-16 18:07:04 +0000''>', entitlements='(null)', teamID='K39H8JNW83', identifier='react-native.React', executablePath='<DVTFilePath:0x114872c30:'/Users/senthilk/Documents/Projects/ReactNative/Vr-Doctor-19092025/ios/OjaskaVRDoctor.xcarchive/Products/Applications/OjaskaVRDoctor.app/Frameworks/React.framework/React'>', hardenedRuntime='0'>'>: {
}
2025-09-20 08:14:23 +0000 [MT] Associated App Clip Identifiers Filter: Skipping because "com.apple.developer.associated-appclip-app-identifiers" is not present
2025-09-20 08:14:23 +0000 [MT] Entitlements for <IDEDistributionItem: 0x114b5aeb0; bundleID='react-native.React', path='<DVTFilePath:0x114872220:'/Users/senthilk/Documents/Projects/ReactNative/Vr-Doctor-19092025/ios/OjaskaVRDoctor.xcarchive/Products/Applications/OjaskaVRDoctor.app/Frameworks/React.framework'>', codeSigningInfo='<_DVTCodeSigningInformation_Path: 0x1138d4430; isSigned='1', isAdHocSigned='0', signingCertificate='<DVTSigningCertificate: 0x120c61ca0; name='Apple Development: sriharsha katragadda (62W8G598RV)', hash='FB7D8FD8FE85493735A5B11FD6C547B096F3867D', serialNumber='10BB5F2B113421654FB2C6E5C0DA1BC6', certificateKinds='(
    "1.2.840.113635.100.6.1.12",
    "1.2.840.113635.100.6.1.2"
), issueDate='2025-09-16 18:07:04 +0000''>', entitlements='(null)', teamID='K39H8JNW83', identifier='react-native.React', executablePath='<DVTFilePath:0x114872c30:'/Users/senthilk/Documents/Projects/ReactNative/Vr-Doctor-19092025/ios/OjaskaVRDoctor.xcarchive/Products/Applications/OjaskaVRDoctor.app/Frameworks/React.framework/React'>', hardenedRuntime='0'>'> are: {
}
2025-09-20 08:14:23 +0000 [MT] Writing entitlements for <IDEDistributionItem: 0x114b5aeb0; bundleID='react-native.React', path='<DVTFilePath:0x114872220:'/Users/senthilk/Documents/Projects/ReactNative/Vr-Doctor-19092025/ios/OjaskaVRDoctor.xcarchive/Products/Applications/OjaskaVRDoctor.app/Frameworks/React.framework'>', codeSigningInfo='<_DVTCodeSigningInformation_Path: 0x1138d4430; isSigned='1', isAdHocSigned='0', signingCertificate='<DVTSigningCertificate: 0x120c61ca0; name='Apple Development: sriharsha katragadda (62W8G598RV)', hash='FB7D8FD8FE85493735A5B11FD6C547B096F3867D', serialNumber='10BB5F2B113421654FB2C6E5C0DA1BC6', certificateKinds='(
    "1.2.840.113635.100.6.1.12",
    "1.2.840.113635.100.6.1.2"
), issueDate='2025-09-16 18:07:04 +0000''>', entitlements='(null)', teamID='K39H8JNW83', identifier='react-native.React', executablePath='<DVTFilePath:0x114872c30:'/Users/senthilk/Documents/Projects/ReactNative/Vr-Doctor-19092025/ios/OjaskaVRDoctor.xcarchive/Products/Applications/OjaskaVRDoctor.app/Frameworks/React.framework/React'>', hardenedRuntime='0'>'> to: /var/folders/fg/55q19p_d6sb6cj4qsncl_8t80000gn/T/XcodeDistPipeline.~~~zTLVBJ/entitlements~~~WBRGJ9
2025-09-20 08:14:23 +0000 [MT] invoking codesign: <NSConcreteTask: 0x11497ab80; launchPath='/usr/bin/codesign', arguments='(
    "-f",
    "-s",
    FB7D8FD8FE85493735A5B11FD6C547B096F3867D,
    "--entitlements",
    "/var/folders/fg/55q19p_d6sb6cj4qsncl_8t80000gn/T/XcodeDistPipeline.~~~zTLVBJ/entitlements~~~WBRGJ9",
    "--preserve-metadata=identifier,flags,runtime",
    "--generate-entitlement-der",
    "--strip-disallowed-xattrs",
    "-vvv",
    "/var/folders/fg/55q19p_d6sb6cj4qsncl_8t80000gn/T/XcodeDistPipeline.~~~zTLVBJ/Root/Payload/OjaskaVRDoctor.app/Frameworks/React.framework"
)'>
2025-09-20 08:14:23 +0000 [MT] codesign output: /var/folders/fg/55q19p_d6sb6cj4qsncl_8t80000gn/T/XcodeDistPipeline.~~~zTLVBJ/Root/Payload/OjaskaVRDoctor.app/Frameworks/React.framework: replacing existing signature
/var/folders/fg/55q19p_d6sb6cj4qsncl_8t80000gn/T/XcodeDistPipeline.~~~zTLVBJ/Root/Payload/OjaskaVRDoctor.app/Frameworks/React.framework: signed bundle with Mach-O thin (arm64) [react-native.React]
2025-09-20 08:14:23 +0000 [MT] Entitlements for <IDEDistributionItem: 0x114b62970; bundleID='third-party.ReactNativeDependencies', path='<DVTFilePath:0x114874bb0:'/Users/senthilk/Documents/Projects/ReactNative/Vr-Doctor-19092025/ios/OjaskaVRDoctor.xcarchive/Products/Applications/OjaskaVRDoctor.app/Frameworks/ReactNativeDependencies.framework'>', codeSigningInfo='<_DVTCodeSigningInformation_Path: 0x114b62200; isSigned='1', isAdHocSigned='0', signingCertificate='<DVTSigningCertificate: 0x1148b6ae0; name='Apple Development: sriharsha katragadda (62W8G598RV)', hash='FB7D8FD8FE85493735A5B11FD6C547B096F3867D', serialNumber='10BB5F2B113421654FB2C6E5C0DA1BC6', certificateKinds='(
    "1.2.840.113635.100.6.1.12",
    "1.2.840.113635.100.6.1.2"
), issueDate='2025-09-16 18:07:04 +0000''>', entitlements='(null)', teamID='K39H8JNW83', identifier='third-party.ReactNativeDependencies', executablePath='<DVTFilePath:0x114878270:'/Users/senthilk/Documents/Projects/ReactNative/Vr-Doctor-19092025/ios/OjaskaVRDoctor.xcarchive/Products/Applications/OjaskaVRDoctor.app/Frameworks/ReactNativeDependencies.framework/ReactNativeDependencies'>', hardenedRuntime='0'>'>: {
}
2025-09-20 08:14:23 +0000 [MT] Associated App Clip Identifiers Filter: Skipping because "com.apple.developer.associated-appclip-app-identifiers" is not present
2025-09-20 08:14:23 +0000 [MT] Entitlements for <IDEDistributionItem: 0x114b62970; bundleID='third-party.ReactNativeDependencies', path='<DVTFilePath:0x114874bb0:'/Users/senthilk/Documents/Projects/ReactNative/Vr-Doctor-19092025/ios/OjaskaVRDoctor.xcarchive/Products/Applications/OjaskaVRDoctor.app/Frameworks/ReactNativeDependencies.framework'>', codeSigningInfo='<_DVTCodeSigningInformation_Path: 0x114b62200; isSigned='1', isAdHocSigned='0', signingCertificate='<DVTSigningCertificate: 0x1148dd050; name='Apple Development: sriharsha katragadda (62W8G598RV)', hash='FB7D8FD8FE85493735A5B11FD6C547B096F3867D', serialNumber='10BB5F2B113421654FB2C6E5C0DA1BC6', certificateKinds='(
    "1.2.840.113635.100.6.1.12",
    "1.2.840.113635.100.6.1.2"
), issueDate='2025-09-16 18:07:04 +0000''>', entitlements='(null)', teamID='K39H8JNW83', identifier='third-party.ReactNativeDependencies', executablePath='<DVTFilePath:0x114878270:'/Users/senthilk/Documents/Projects/ReactNative/Vr-Doctor-19092025/ios/OjaskaVRDoctor.xcarchive/Products/Applications/OjaskaVRDoctor.app/Frameworks/ReactNativeDependencies.framework/ReactNativeDependencies'>', hardenedRuntime='0'>'> are: {
}
2025-09-20 08:14:23 +0000 [MT] Writing entitlements for <IDEDistributionItem: 0x114b62970; bundleID='third-party.ReactNativeDependencies', path='<DVTFilePath:0x114874bb0:'/Users/senthilk/Documents/Projects/ReactNative/Vr-Doctor-19092025/ios/OjaskaVRDoctor.xcarchive/Products/Applications/OjaskaVRDoctor.app/Frameworks/ReactNativeDependencies.framework'>', codeSigningInfo='<_DVTCodeSigningInformation_Path: 0x114b62200; isSigned='1', isAdHocSigned='0', signingCertificate='<DVTSigningCertificate: 0x1148dd050; name='Apple Development: sriharsha katragadda (62W8G598RV)', hash='FB7D8FD8FE85493735A5B11FD6C547B096F3867D', serialNumber='10BB5F2B113421654FB2C6E5C0DA1BC6', certificateKinds='(
    "1.2.840.113635.100.6.1.12",
    "1.2.840.113635.100.6.1.2"
), issueDate='2025-09-16 18:07:04 +0000''>', entitlements='(null)', teamID='K39H8JNW83', identifier='third-party.ReactNativeDependencies', executablePath='<DVTFilePath:0x114878270:'/Users/senthilk/Documents/Projects/ReactNative/Vr-Doctor-19092025/ios/OjaskaVRDoctor.xcarchive/Products/Applications/OjaskaVRDoctor.app/Frameworks/ReactNativeDependencies.framework/ReactNativeDependencies'>', hardenedRuntime='0'>'> to: /var/folders/fg/55q19p_d6sb6cj4qsncl_8t80000gn/T/XcodeDistPipeline.~~~zTLVBJ/entitlements~~~XiwzYH
2025-09-20 08:14:23 +0000 [MT] invoking codesign: <NSConcreteTask: 0x120c59450; launchPath='/usr/bin/codesign', arguments='(
    "-f",
    "-s",
    FB7D8FD8FE85493735A5B11FD6C547B096F3867D,
    "--entitlements",
    "/var/folders/fg/55q19p_d6sb6cj4qsncl_8t80000gn/T/XcodeDistPipeline.~~~zTLVBJ/entitlements~~~XiwzYH",
    "--preserve-metadata=identifier,flags,runtime",
    "--generate-entitlement-der",
    "--strip-disallowed-xattrs",
    "-vvv",
    "/var/folders/fg/55q19p_d6sb6cj4qsncl_8t80000gn/T/XcodeDistPipeline.~~~zTLVBJ/Root/Payload/OjaskaVRDoctor.app/Frameworks/ReactNativeDependencies.framework"
)'>
2025-09-20 08:14:24 +0000 [MT] codesign output: /var/folders/fg/55q19p_d6sb6cj4qsncl_8t80000gn/T/XcodeDistPipeline.~~~zTLVBJ/Root/Payload/OjaskaVRDoctor.app/Frameworks/ReactNativeDependencies.framework: replacing existing signature
/var/folders/fg/55q19p_d6sb6cj4qsncl_8t80000gn/T/XcodeDistPipeline.~~~zTLVBJ/Root/Payload/OjaskaVRDoctor.app/Frameworks/ReactNativeDependencies.framework: signed bundle with Mach-O thin (arm64) [third-party.ReactNativeDependencies]
2025-09-20 08:14:24 +0000 [MT] Entitlements for <IDEDistributionItem: 0x114b5f4b0; bundleID='dev.hermesengine.iphoneos', path='<DVTFilePath:0x114b0ff80:'/Users/senthilk/Documents/Projects/ReactNative/Vr-Doctor-19092025/ios/OjaskaVRDoctor.xcarchive/Products/Applications/OjaskaVRDoctor.app/Frameworks/hermes.framework'>', codeSigningInfo='<_DVTCodeSigningInformation_Path: 0x114b618b0; isSigned='1', isAdHocSigned='0', signingCertificate='<DVTSigningCertificate: 0x1149ff5c0; name='Apple Development: sriharsha katragadda (62W8G598RV)', hash='FB7D8FD8FE85493735A5B11FD6C547B096F3867D', serialNumber='10BB5F2B113421654FB2C6E5C0DA1BC6', certificateKinds='(
    "1.2.840.113635.100.6.1.12",
    "1.2.840.113635.100.6.1.2"
), issueDate='2025-09-16 18:07:04 +0000''>', entitlements='(null)', teamID='K39H8JNW83', identifier='dev.hermesengine.iphoneos', executablePath='<DVTFilePath:0x114b179c0:'/Users/senthilk/Documents/Projects/ReactNative/Vr-Doctor-19092025/ios/OjaskaVRDoctor.xcarchive/Products/Applications/OjaskaVRDoctor.app/Frameworks/hermes.framework/hermes'>', hardenedRuntime='0'>'>: {
}
2025-09-20 08:14:24 +0000 [MT] Associated App Clip Identifiers Filter: Skipping because "com.apple.developer.associated-appclip-app-identifiers" is not present
2025-09-20 08:14:24 +0000 [MT] Entitlements for <IDEDistributionItem: 0x114b5f4b0; bundleID='dev.hermesengine.iphoneos', path='<DVTFilePath:0x114b0ff80:'/Users/senthilk/Documents/Projects/ReactNative/Vr-Doctor-19092025/ios/OjaskaVRDoctor.xcarchive/Products/Applications/OjaskaVRDoctor.app/Frameworks/hermes.framework'>', codeSigningInfo='<_DVTCodeSigningInformation_Path: 0x114b618b0; isSigned='1', isAdHocSigned='0', signingCertificate='<DVTSigningCertificate: 0x120c61910; name='Apple Development: sriharsha katragadda (62W8G598RV)', hash='FB7D8FD8FE85493735A5B11FD6C547B096F3867D', serialNumber='10BB5F2B113421654FB2C6E5C0DA1BC6', certificateKinds='(
    "1.2.840.113635.100.6.1.12",
    "1.2.840.113635.100.6.1.2"
), issueDate='2025-09-16 18:07:04 +0000''>', entitlements='(null)', teamID='K39H8JNW83', identifier='dev.hermesengine.iphoneos', executablePath='<DVTFilePath:0x114b179c0:'/Users/senthilk/Documents/Projects/ReactNative/Vr-Doctor-19092025/ios/OjaskaVRDoctor.xcarchive/Products/Applications/OjaskaVRDoctor.app/Frameworks/hermes.framework/hermes'>', hardenedRuntime='0'>'> are: {
}
2025-09-20 08:14:24 +0000 [MT] Writing entitlements for <IDEDistributionItem: 0x114b5f4b0; bundleID='dev.hermesengine.iphoneos', path='<DVTFilePath:0x114b0ff80:'/Users/senthilk/Documents/Projects/ReactNative/Vr-Doctor-19092025/ios/OjaskaVRDoctor.xcarchive/Products/Applications/OjaskaVRDoctor.app/Frameworks/hermes.framework'>', codeSigningInfo='<_DVTCodeSigningInformation_Path: 0x114b618b0; isSigned='1', isAdHocSigned='0', signingCertificate='<DVTSigningCertificate: 0x114b734b0; name='Apple Development: sriharsha katragadda (62W8G598RV)', hash='FB7D8FD8FE85493735A5B11FD6C547B096F3867D', serialNumber='10BB5F2B113421654FB2C6E5C0DA1BC6', certificateKinds='(
    "1.2.840.113635.100.6.1.12",
    "1.2.840.113635.100.6.1.2"
), issueDate='2025-09-16 18:07:04 +0000''>', entitlements='(null)', teamID='K39H8JNW83', identifier='dev.hermesengine.iphoneos', executablePath='<DVTFilePath:0x114b179c0:'/Users/senthilk/Documents/Projects/ReactNative/Vr-Doctor-19092025/ios/OjaskaVRDoctor.xcarchive/Products/Applications/OjaskaVRDoctor.app/Frameworks/hermes.framework/hermes'>', hardenedRuntime='0'>'> to: /var/folders/fg/55q19p_d6sb6cj4qsncl_8t80000gn/T/XcodeDistPipeline.~~~zTLVBJ/entitlements~~~flh3qK
2025-09-20 08:14:24 +0000 [MT] invoking codesign: <NSConcreteTask: 0x120c615e0; launchPath='/usr/bin/codesign', arguments='(
    "-f",
    "-s",
    FB7D8FD8FE85493735A5B11FD6C547B096F3867D,
    "--entitlements",
    "/var/folders/fg/55q19p_d6sb6cj4qsncl_8t80000gn/T/XcodeDistPipeline.~~~zTLVBJ/entitlements~~~flh3qK",
    "--preserve-metadata=identifier,flags,runtime",
    "--generate-entitlement-der",
    "--strip-disallowed-xattrs",
    "-vvv",
    "/var/folders/fg/55q19p_d6sb6cj4qsncl_8t80000gn/T/XcodeDistPipeline.~~~zTLVBJ/Root/Payload/OjaskaVRDoctor.app/Frameworks/hermes.framework"
)'>
2025-09-20 08:14:24 +0000 [MT] codesign output: /var/folders/fg/55q19p_d6sb6cj4qsncl_8t80000gn/T/XcodeDistPipeline.~~~zTLVBJ/Root/Payload/OjaskaVRDoctor.app/Frameworks/hermes.framework: replacing existing signature
/var/folders/fg/55q19p_d6sb6cj4qsncl_8t80000gn/T/XcodeDistPipeline.~~~zTLVBJ/Root/Payload/OjaskaVRDoctor.app/Frameworks/hermes.framework: signed bundle with Mach-O thin (arm64) [dev.hermesengine.iphoneos]
2025-09-20 08:14:24 +0000 [MT] Entitlements for <IDEDistributionItem: 0x1138fe870; bundleID='com.ojaskalabcorp.vrdoctarapp', path='<DVTFilePath:0x1221f9ee0:'/Users/senthilk/Documents/Projects/ReactNative/Vr-Doctor-19092025/ios/OjaskaVRDoctor.xcarchive/Products/Applications/OjaskaVRDoctor.app'>', codeSigningInfo='<_DVTCodeSigningInformation_Path: 0x114b61ec0; isSigned='1', isAdHocSigned='0', signingCertificate='<DVTSigningCertificate: 0x120c637b0; name='Apple Development: sriharsha katragadda (62W8G598RV)', hash='FB7D8FD8FE85493735A5B11FD6C547B096F3867D', serialNumber='10BB5F2B113421654FB2C6E5C0DA1BC6', certificateKinds='(
    "1.2.840.113635.100.6.1.12",
    "1.2.840.113635.100.6.1.2"
), issueDate='2025-09-16 18:07:04 +0000''>', entitlements='{
    "application-identifier" = "K39H8JNW83.com.ojaskalabcorp.vrdoctarapp";
    "com.apple.developer.team-identifier" = K39H8JNW83;
    "get-task-allow" = 1;
}', teamID='K39H8JNW83', identifier='com.ojaskalabcorp.vrdoctarapp', executablePath='<DVTFilePath:0x11484ed30:'/Users/senthilk/Documents/Projects/ReactNative/Vr-Doctor-19092025/ios/OjaskaVRDoctor.xcarchive/Products/Applications/OjaskaVRDoctor.app/OjaskaVRDoctor'>', hardenedRuntime='0'>'>: {
    "application-identifier" = "K39H8JNW83.com.ojaskalabcorp.vrdoctarapp";
    "com.apple.developer.team-identifier" = K39H8JNW83;
    "get-task-allow" = 1;
}
2025-09-20 08:14:24 +0000 [MT] Associated App Clip Identifiers Filter: Skipping because "com.apple.developer.associated-appclip-app-identifiers" is not present
2025-09-20 08:14:24 +0000 [MT] Entitlements for <IDEDistributionItem: 0x1138fe870; bundleID='com.ojaskalabcorp.vrdoctarapp', path='<DVTFilePath:0x1221f9ee0:'/Users/senthilk/Documents/Projects/ReactNative/Vr-Doctor-19092025/ios/OjaskaVRDoctor.xcarchive/Products/Applications/OjaskaVRDoctor.app'>', codeSigningInfo='<_DVTCodeSigningInformation_Path: 0x114b61ec0; isSigned='1', isAdHocSigned='0', signingCertificate='<DVTSigningCertificate: 0x120c64850; name='Apple Development: sriharsha katragadda (62W8G598RV)', hash='FB7D8FD8FE85493735A5B11FD6C547B096F3867D', serialNumber='10BB5F2B113421654FB2C6E5C0DA1BC6', certificateKinds='(
    "1.2.840.113635.100.6.1.12",
    "1.2.840.113635.100.6.1.2"
), issueDate='2025-09-16 18:07:04 +0000''>', entitlements='{
    "application-identifier" = "K39H8JNW83.com.ojaskalabcorp.vrdoctarapp";
    "com.apple.developer.team-identifier" = K39H8JNW83;
    "get-task-allow" = 1;
}', teamID='K39H8JNW83', identifier='com.ojaskalabcorp.vrdoctarapp', executablePath='<DVTFilePath:0x11484ed30:'/Users/senthilk/Documents/Projects/ReactNative/Vr-Doctor-19092025/ios/OjaskaVRDoctor.xcarchive/Products/Applications/OjaskaVRDoctor.app/OjaskaVRDoctor'>', hardenedRuntime='0'>'> are: {
    "application-identifier" = "K39H8JNW83.com.ojaskalabcorp.vrdoctarapp";
    "com.apple.developer.team-identifier" = K39H8JNW83;
    "get-task-allow" = 1;
}
2025-09-20 08:14:24 +0000 [MT] Writing entitlements for <IDEDistributionItem: 0x1138fe870; bundleID='com.ojaskalabcorp.vrdoctarapp', path='<DVTFilePath:0x1221f9ee0:'/Users/senthilk/Documents/Projects/ReactNative/Vr-Doctor-19092025/ios/OjaskaVRDoctor.xcarchive/Products/Applications/OjaskaVRDoctor.app'>', codeSigningInfo='<_DVTCodeSigningInformation_Path: 0x114b61ec0; isSigned='1', isAdHocSigned='0', signingCertificate='<DVTSigningCertificate: 0x12b721ef0; name='Apple Development: sriharsha katragadda (62W8G598RV)', hash='FB7D8FD8FE85493735A5B11FD6C547B096F3867D', serialNumber='10BB5F2B113421654FB2C6E5C0DA1BC6', certificateKinds='(
    "1.2.840.113635.100.6.1.12",
    "1.2.840.113635.100.6.1.2"
), issueDate='2025-09-16 18:07:04 +0000''>', entitlements='{
    "application-identifier" = "K39H8JNW83.com.ojaskalabcorp.vrdoctarapp";
    "com.apple.developer.team-identifier" = K39H8JNW83;
    "get-task-allow" = 1;
}', teamID='K39H8JNW83', identifier='com.ojaskalabcorp.vrdoctarapp', executablePath='<DVTFilePath:0x11484ed30:'/Users/senthilk/Documents/Projects/ReactNative/Vr-Doctor-19092025/ios/OjaskaVRDoctor.xcarchive/Products/Applications/OjaskaVRDoctor.app/OjaskaVRDoctor'>', hardenedRuntime='0'>'> to: /var/folders/fg/55q19p_d6sb6cj4qsncl_8t80000gn/T/XcodeDistPipeline.~~~zTLVBJ/entitlements~~~ggz0cS
2025-09-20 08:14:24 +0000 [MT] invoking codesign: <NSConcreteTask: 0x120c55690; launchPath='/usr/bin/codesign', arguments='(
    "-f",
    "-s",
    FB7D8FD8FE85493735A5B11FD6C547B096F3867D,
    "--entitlements",
    "/var/folders/fg/55q19p_d6sb6cj4qsncl_8t80000gn/T/XcodeDistPipeline.~~~zTLVBJ/entitlements~~~ggz0cS",
    "--preserve-metadata=identifier,flags,runtime",
    "--generate-entitlement-der",
    "--strip-disallowed-xattrs",
    "-vvv",
    "/var/folders/fg/55q19p_d6sb6cj4qsncl_8t80000gn/T/XcodeDistPipeline.~~~zTLVBJ/Root/Payload/OjaskaVRDoctor.app"
)'>
2025-09-20 08:14:24 +0000 [MT] codesign output: /var/folders/fg/55q19p_d6sb6cj4qsncl_8t80000gn/T/XcodeDistPipeline.~~~zTLVBJ/Root/Payload/OjaskaVRDoctor.app: replacing existing signature
/var/folders/fg/55q19p_d6sb6cj4qsncl_8t80000gn/T/XcodeDistPipeline.~~~zTLVBJ/Root/Payload/OjaskaVRDoctor.app: signed app bundle with Mach-O thin (arm64) [com.ojaskalabcorp.vrdoctarapp]
2025-09-20 08:14:24 +0000 [MT] Processing step: IDEDistributionZipODRItemStep
2025-09-20 08:14:24 +0000 [MT] Skipping step: IDEDistributionZipODRItemStep because it said so
2025-09-20 08:14:24 +0000 [MT] Skipping step: IDEDistributionZipODRItemStep because it said so
2025-09-20 08:14:24 +0000 [MT] Skipping step: IDEDistributionZipODRItemStep because it said so
2025-09-20 08:14:24 +0000 [MT] Skipping step: IDEDistributionZipODRItemStep because it said so
2025-09-20 08:14:24 +0000 [MT] Processing step: IDEDistributionCreateIPAStep
2025-09-20 08:14:24 +0000 [MT] Running /usr/bin/ditto '-V' '-c' '-k' '--norsrc' '/var/folders/fg/55q19p_d6sb6cj4qsncl_8t80000gn/T/XcodeDistPipeline.~~~zTLVBJ/Root' '/var/folders/fg/55q19p_d6sb6cj4qsncl_8t80000gn/T/XcodeDistPipeline.~~~zTLVBJ/Packages/OjaskaVRDoctor.ipa'
2025-09-20 08:14:24 +0000  >>> Copying /var/folders/fg/55q19p_d6sb6cj4qsncl_8t80000gn/T/XcodeDistPipeline.~~~zTLVBJ/Root 
2025-09-20 08:14:24 +0000  copying file ./Payload/OjaskaVRDoctor.app/_CodeSignature/CodeResources ... 
2025-09-20 08:14:24 +0000  29999 bytes for ./Payload/OjaskaVRDoctor.app/_CodeSignature/CodeResources
2025-09-20 08:14:24 +0000  copying file ./Payload/OjaskaVRDoctor.app/Fontisto.ttf ... 
2025-09-20 08:14:24 +0000  313528 bytes for ./Payload/OjaskaVRDoctor.app/Fontisto.ttf
2025-09-20 08:14:24 +0000  copying file ./Payload/OjaskaVRDoctor.app/Octicons.ttf ... 
2025-09-20 08:14:24 +0000  49404 bytes for ./Payload/OjaskaVRDoctor.app/Octicons.ttf
2025-09-20 08:14:24 +0000  copying file ./Payload/OjaskaVRDoctor.app/Feather.ttf ... 
2025-09-20 08:14:24 +0000  56228 bytes for ./Payload/OjaskaVRDoctor.app/Feather.ttf
2025-09-20 08:14:24 +0000  copying file ./Payload/OjaskaVRDoctor.app/OjaskaVRDoctor ... 
2025-09-20 08:14:24 +0000  5509824 bytes for ./Payload/OjaskaVRDoctor.app/OjaskaVRDoctor
2025-09-20 08:14:24 +0000  copying file ./Payload/OjaskaVRDoctor.app/ZenKakuGothicAntique-Light.ttf ... 
2025-09-20 08:14:24 +0000  2184344 bytes for ./Payload/OjaskaVRDoctor.app/ZenKakuGothicAntique-Light.ttf
2025-09-20 08:14:24 +0000  copying file ./Payload/OjaskaVRDoctor.app/SplashScreen.storyboardc/EXPO-VIEWCONTROLLER-1-view-EXPO-ContainerView.nib ... 
2025-09-20 08:14:24 +0000  1294 bytes for ./Payload/OjaskaVRDoctor.app/SplashScreen.storyboardc/EXPO-VIEWCONTROLLER-1-view-EXPO-ContainerView.nib
2025-09-20 08:14:24 +0000  copying file ./Payload/OjaskaVRDoctor.app/SplashScreen.storyboardc/SplashScreenViewController.nib ... 
2025-09-20 08:14:24 +0000  1004 bytes for ./Payload/OjaskaVRDoctor.app/SplashScreen.storyboardc/SplashScreenViewController.nib
copying file ./Payload/OjaskaVRDoctor.app/SplashScreen.storyboardc/Info.plist ... 
2025-09-20 08:14:24 +0000  225 bytes for ./Payload/OjaskaVRDoctor.app/SplashScreen.storyboardc/Info.plist
2025-09-20 08:14:24 +0000  copying file ./Payload/OjaskaVRDoctor.app/FontAwesome6_Regular.ttf ... 
2025-09-20 08:14:24 +0000  67976 bytes for ./Payload/OjaskaVRDoctor.app/FontAwesome6_Regular.ttf
2025-09-20 08:14:24 +0000  copying file ./Payload/OjaskaVRDoctor.app/ExpoSystemUI_privacy.bundle/PrivacyInfo.xcprivacy ... 
2025-09-20 08:14:24 +0000  607 bytes for ./Payload/OjaskaVRDoctor.app/ExpoSystemUI_privacy.bundle/PrivacyInfo.xcprivacy
2025-09-20 08:14:24 +0000  copying file ./Payload/OjaskaVRDoctor.app/ExpoSystemUI_privacy.bundle/Info.plist ... 
2025-09-20 08:14:24 +0000  784 bytes for ./Payload/OjaskaVRDoctor.app/ExpoSystemUI_privacy.bundle/Info.plist
2025-09-20 08:14:24 +0000  copying file ./Payload/OjaskaVRDoctor.app/ZenKakuGothicAntique-Bold.ttf ... 
2025-09-20 08:14:24 +0000  2324476 bytes for ./Payload/OjaskaVRDoctor.app/ZenKakuGothicAntique-Bold.ttf
2025-09-20 08:14:24 +0000  copying file ./Payload/OjaskaVRDoctor.app/ZenKakuGothicAntique-Medium.ttf ... 
2025-09-20 08:14:24 +0000  2337952 bytes for ./Payload/OjaskaVRDoctor.app/ZenKakuGothicAntique-Medium.ttf
2025-09-20 08:14:24 +0000  copying file ./Payload/OjaskaVRDoctor.app/Entypo.ttf ... 
2025-09-20 08:14:24 +0000  66200 bytes for ./Payload/OjaskaVRDoctor.app/Entypo.ttf
2025-09-20 08:14:24 +0000  copying file ./Payload/OjaskaVRDoctor.app/ZenKakuGothicAntique-Regular.ttf ... 
2025-09-20 08:14:24 +0000  2370412 bytes for ./Payload/OjaskaVRDoctor.app/ZenKakuGothicAntique-Regular.ttf
2025-09-20 08:14:24 +0000  copying file ./Payload/OjaskaVRDoctor.app/FontAwesome5_Brands.ttf ... 
2025-09-20 08:14:24 +0000  134040 bytes for ./Payload/OjaskaVRDoctor.app/FontAwesome5_Brands.ttf
2025-09-20 08:14:24 +0000  copying file ./Payload/OjaskaVRDoctor.app/MaterialCommunityIcons.ttf ... 
2025-09-20 08:14:24 +0000  1147844 bytes for ./Payload/OjaskaVRDoctor.app/MaterialCommunityIcons.ttf
2025-09-20 08:14:24 +0000  copying file ./Payload/OjaskaVRDoctor.app/AppIcon60x60@2x.png ... 
2025-09-20 08:14:24 +0000  495 bytes for ./Payload/OjaskaVRDoctor.app/AppIcon60x60@2x.png
2025-09-20 08:14:24 +0000  copying file ./Payload/OjaskaVRDoctor.app/ExpoConstants_privacy.bundle/PrivacyInfo.xcprivacy ... 
2025-09-20 08:14:24 +0000  607 bytes for ./Payload/OjaskaVRDoctor.app/ExpoConstants_privacy.bundle/PrivacyInfo.xcprivacy
2025-09-20 08:14:24 +0000  copying file ./Payload/OjaskaVRDoctor.app/ExpoConstants_privacy.bundle/Info.plist ... 
2025-09-20 08:14:24 +0000  787 bytes for ./Payload/OjaskaVRDoctor.app/ExpoConstants_privacy.bundle/Info.plist
2025-09-20 08:14:24 +0000  copying file ./Payload/OjaskaVRDoctor.app/AntDesign.ttf ... 
2025-09-20 08:14:24 +0000  70344 bytes for ./Payload/OjaskaVRDoctor.app/AntDesign.ttf
2025-09-20 08:14:24 +0000  copying file ./Payload/OjaskaVRDoctor.app/Foundation.ttf ... 
2025-09-20 08:14:24 +0000  56976 bytes for ./Payload/OjaskaVRDoctor.app/Foundation.ttf
2025-09-20 08:14:24 +0000  copying file ./Payload/OjaskaVRDoctor.app/Ionicons.ttf ... 
2025-09-20 08:14:24 +0000  442604 bytes for ./Payload/OjaskaVRDoctor.app/Ionicons.ttf
2025-09-20 08:14:24 +0000  copying file ./Payload/OjaskaVRDoctor.app/FontAwesome5_Solid.ttf ... 
2025-09-20 08:14:24 +0000  202744 bytes for ./Payload/OjaskaVRDoctor.app/FontAwesome5_Solid.ttf
2025-09-20 08:14:24 +0000  copying file ./Payload/OjaskaVRDoctor.app/FontAwesome5_Regular.ttf ... 
2025-09-20 08:14:24 +0000  33736 bytes for ./Payload/OjaskaVRDoctor.app/FontAwesome5_Regular.ttf
2025-09-20 08:14:24 +0000  copying file ./Payload/OjaskaVRDoctor.app/React-cxxreact_privacy.bundle/PrivacyInfo.xcprivacy ... 
2025-09-20 08:14:24 +0000  552 bytes for ./Payload/OjaskaVRDoctor.app/React-cxxreact_privacy.bundle/PrivacyInfo.xcprivacy
2025-09-20 08:14:24 +0000  copying file ./Payload/OjaskaVRDoctor.app/React-cxxreact_privacy.bundle/Info.plist ... 
2025-09-20 08:14:24 +0000  789 bytes for ./Payload/OjaskaVRDoctor.app/React-cxxreact_privacy.bundle/Info.plist
2025-09-20 08:14:24 +0000  copying file ./Payload/OjaskaVRDoctor.app/FontAwesome.ttf ... 
2025-09-20 08:14:24 +0000  165548 bytes for ./Payload/OjaskaVRDoctor.app/FontAwesome.ttf
2025-09-20 08:14:24 +0000  copying file ./Payload/OjaskaVRDoctor.app/Zocial.ttf ... 
2025-09-20 08:14:24 +0000  25788 bytes for ./Payload/OjaskaVRDoctor.app/Zocial.ttf
2025-09-20 08:14:24 +0000  copying file ./Payload/OjaskaVRDoctor.app/Assets.car ... 
2025-09-20 08:14:24 +0000  27311 bytes for ./Payload/OjaskaVRDoctor.app/Assets.car
2025-09-20 08:14:24 +0000  copying file ./Payload/OjaskaVRDoctor.app/EvilIcons.ttf ... 
2025-09-20 08:14:24 +0000  13456 bytes for ./Payload/OjaskaVRDoctor.app/EvilIcons.ttf
2025-09-20 08:14:24 +0000  copying file ./Payload/OjaskaVRDoctor.app/AppIcon76x76@2x~ipad.png ... 
2025-09-20 08:14:24 +0000  585 bytes for ./Payload/OjaskaVRDoctor.app/AppIcon76x76@2x~ipad.png
copying file ./Payload/OjaskaVRDoctor.app/main.jsbundle ... 
2025-09-20 08:14:24 +0000  5371812 bytes for ./Payload/OjaskaVRDoctor.app/main.jsbundle
2025-09-20 08:14:24 +0000  copying file ./Payload/OjaskaVRDoctor.app/EXConstants.bundle/app.config ... 
938 bytes for ./Payload/OjaskaVRDoctor.app/EXConstants.bundle/app.config
copying file ./Payload/OjaskaVRDoctor.app/EXConstants.bundle/Info.plist ... 
765 bytes for ./Payload/OjaskaVRDoctor.app/EXConstants.bundle/Info.plist
copying file ./Payload/OjaskaVRDoctor.app/FontAwesome6_Solid.ttf ... 
2025-09-20 08:14:24 +0000  423676 bytes for ./Payload/OjaskaVRDoctor.app/FontAwesome6_Solid.ttf
2025-09-20 08:14:24 +0000  copying file ./Payload/OjaskaVRDoctor.app/PrivacyInfo.xcprivacy ... 
2025-09-20 08:14:24 +0000  1283 bytes for ./Payload/OjaskaVRDoctor.app/PrivacyInfo.xcprivacy
2025-09-20 08:14:24 +0000  copying file ./Payload/OjaskaVRDoctor.app/RNSVGFilters.bundle/RNSVGArithmeticFilter.iphoneos.metallib ... 
2025-09-20 08:14:24 +0000  3993 bytes for ./Payload/OjaskaVRDoctor.app/RNSVGFilters.bundle/RNSVGArithmeticFilter.iphoneos.metallib
2025-09-20 08:14:24 +0000  copying file ./Payload/OjaskaVRDoctor.app/RNSVGFilters.bundle/RNSVGCompositeXor.iphoneos.metallib ... 
2025-09-20 08:14:24 +0000  3509 bytes for ./Payload/OjaskaVRDoctor.app/RNSVGFilters.bundle/RNSVGCompositeXor.iphoneos.metallib
2025-09-20 08:14:24 +0000  copying file ./Payload/OjaskaVRDoctor.app/RNSVGFilters.bundle/Info.plist ... 
2025-09-20 08:14:24 +0000  768 bytes for ./Payload/OjaskaVRDoctor.app/RNSVGFilters.bundle/Info.plist
2025-09-20 08:14:24 +0000  copying file ./Payload/OjaskaVRDoctor.app/ExpoFileSystem_privacy.bundle/PrivacyInfo.xcprivacy ... 
2025-09-20 08:14:24 +0000  877 bytes for ./Payload/OjaskaVRDoctor.app/ExpoFileSystem_privacy.bundle/PrivacyInfo.xcprivacy
2025-09-20 08:14:24 +0000  copying file ./Payload/OjaskaVRDoctor.app/ExpoFileSystem_privacy.bundle/Info.plist ... 
2025-09-20 08:14:24 +0000  790 bytes for ./Payload/OjaskaVRDoctor.app/ExpoFileSystem_privacy.bundle/Info.plist
2025-09-20 08:14:24 +0000  copying file ./Payload/OjaskaVRDoctor.app/Frameworks/React.framework/_CodeSignature/CodeResources ... 
2025-09-20 08:14:24 +0000  1798 bytes for ./Payload/OjaskaVRDoctor.app/Frameworks/React.framework/_CodeSignature/CodeResources
2025-09-20 08:14:24 +0000  copying file ./Payload/OjaskaVRDoctor.app/Frameworks/React.framework/React ... 
2025-09-20 08:14:24 +0000  11371968 bytes for ./Payload/OjaskaVRDoctor.app/Frameworks/React.framework/React
2025-09-20 08:14:24 +0000  copying file ./Payload/OjaskaVRDoctor.app/Frameworks/React.framework/Info.plist ... 
749 bytes for ./Payload/OjaskaVRDoctor.app/Frameworks/React.framework/Info.plist
copying file ./Payload/OjaskaVRDoctor.app/Frameworks/ReactNativeDependencies.framework/_CodeSignature/CodeResources ... 
3548 bytes for ./Payload/OjaskaVRDoctor.app/Frameworks/ReactNativeDependencies.framework/_CodeSignature/CodeResources
copying file ./Payload/OjaskaVRDoctor.app/Frameworks/ReactNativeDependencies.framework/ReactNativeDependencies_folly.bundle/PrivacyInfo.xcprivacy ... 
2025-09-20 08:14:24 +0000  552 bytes for ./Payload/OjaskaVRDoctor.app/Frameworks/ReactNativeDependencies.framework/ReactNativeDependencies_folly.bundle/PrivacyInfo.xcprivacy
copying file ./Payload/OjaskaVRDoctor.app/Frameworks/ReactNativeDependencies.framework/ReactNativeDependencies_folly.bundle/Info.plist ... 
2025-09-20 08:14:24 +0000  690 bytes for ./Payload/OjaskaVRDoctor.app/Frameworks/ReactNativeDependencies.framework/ReactNativeDependencies_folly.bundle/Info.plist
copying file ./Payload/OjaskaVRDoctor.app/Frameworks/ReactNativeDependencies.framework/ReactNativeDependencies ... 
2025-09-20 08:14:25 +0000  1287280 bytes for ./Payload/OjaskaVRDoctor.app/Frameworks/ReactNativeDependencies.framework/ReactNativeDependencies
2025-09-20 08:14:25 +0000  copying file ./Payload/OjaskaVRDoctor.app/Frameworks/ReactNativeDependencies.framework/ReactNativeDependencies_glog.bundle/PrivacyInfo.xcprivacy ... 
2025-09-20 08:14:25 +0000  552 bytes for ./Payload/OjaskaVRDoctor.app/Frameworks/ReactNativeDependencies.framework/ReactNativeDependencies_glog.bundle/PrivacyInfo.xcprivacy
2025-09-20 08:14:25 +0000  copying file ./Payload/OjaskaVRDoctor.app/Frameworks/ReactNativeDependencies.framework/ReactNativeDependencies_glog.bundle/Info.plist ... 
2025-09-20 08:14:25 +0000  688 bytes for ./Payload/OjaskaVRDoctor.app/Frameworks/ReactNativeDependencies.framework/ReactNativeDependencies_glog.bundle/Info.plist
2025-09-20 08:14:25 +0000  copying file ./Payload/OjaskaVRDoctor.app/Frameworks/ReactNativeDependencies.framework/ReactNativeDependencies_boost.bundle/PrivacyInfo.xcprivacy ... 
2025-09-20 08:14:25 +0000  776 bytes for ./Payload/OjaskaVRDoctor.app/Frameworks/ReactNativeDependencies.framework/ReactNativeDependencies_boost.bundle/PrivacyInfo.xcprivacy
copying file ./Payload/OjaskaVRDoctor.app/Frameworks/ReactNativeDependencies.framework/ReactNativeDependencies_boost.bundle/Info.plist ... 
2025-09-20 08:14:25 +0000  690 bytes for ./Payload/OjaskaVRDoctor.app/Frameworks/ReactNativeDependencies.framework/ReactNativeDependencies_boost.bundle/Info.plist
2025-09-20 08:14:25 +0000  copying file ./Payload/OjaskaVRDoctor.app/Frameworks/ReactNativeDependencies.framework/Info.plist ... 
2025-09-20 08:14:25 +0000  782 bytes for ./Payload/OjaskaVRDoctor.app/Frameworks/ReactNativeDependencies.framework/Info.plist
2025-09-20 08:14:25 +0000  copying file ./Payload/OjaskaVRDoctor.app/Frameworks/hermes.framework/_CodeSignature/CodeResources ... 
2025-09-20 08:14:25 +0000  1798 bytes for ./Payload/OjaskaVRDoctor.app/Frameworks/hermes.framework/_CodeSignature/CodeResources
2025-09-20 08:14:25 +0000  copying file ./Payload/OjaskaVRDoctor.app/Frameworks/hermes.framework/hermes ... 
2025-09-20 08:14:25 +0000  4755616 bytes for ./Payload/OjaskaVRDoctor.app/Frameworks/hermes.framework/hermes
2025-09-20 08:14:25 +0000  copying file ./Payload/OjaskaVRDoctor.app/Frameworks/hermes.framework/Info.plist ... 
859 bytes for ./Payload/OjaskaVRDoctor.app/Frameworks/hermes.framework/Info.plist
copying file ./Payload/OjaskaVRDoctor.app/SimpleLineIcons.ttf ... 
2025-09-20 08:14:25 +0000  54056 bytes for ./Payload/OjaskaVRDoctor.app/SimpleLineIcons.ttf
2025-09-20 08:14:25 +0000  copying file ./Payload/OjaskaVRDoctor.app/FontAwesome6_Brands.ttf ... 
2025-09-20 08:14:25 +0000  209376 bytes for ./Payload/OjaskaVRDoctor.app/FontAwesome6_Brands.ttf
2025-09-20 08:14:25 +0000  copying file ./Payload/OjaskaVRDoctor.app/embedded.mobileprovision ... 
2025-09-20 08:14:25 +0000  16437 bytes for ./Payload/OjaskaVRDoctor.app/embedded.mobileprovision
2025-09-20 08:14:25 +0000  copying file ./Payload/OjaskaVRDoctor.app/assets/node_modules/@react-navigation/elements/src/assets/back-icon@3x.png ... 
2025-09-20 08:14:25 +0000  761 bytes for ./Payload/OjaskaVRDoctor.app/assets/node_modules/@react-navigation/elements/src/assets/back-icon@3x.png
2025-09-20 08:14:25 +0000  copying file ./Payload/OjaskaVRDoctor.app/assets/node_modules/@react-navigation/elements/src/assets/back-icon@2x.png ... 
2025-09-20 08:14:25 +0000  405 bytes for ./Payload/OjaskaVRDoctor.app/assets/node_modules/@react-navigation/elements/src/assets/back-icon@2x.png
2025-09-20 08:14:25 +0000  copying file ./Payload/OjaskaVRDoctor.app/assets/node_modules/@react-navigation/elements/src/assets/back-icon.png ... 
2025-09-20 08:14:25 +0000  290 bytes for ./Payload/OjaskaVRDoctor.app/assets/node_modules/@react-navigation/elements/src/assets/back-icon.png
2025-09-20 08:14:25 +0000  copying file ./Payload/OjaskaVRDoctor.app/assets/node_modules/@react-navigation/elements/src/assets/back-icon-mask.png ... 
2025-09-20 08:14:25 +0000  913 bytes for ./Payload/OjaskaVRDoctor.app/assets/node_modules/@react-navigation/elements/src/assets/back-icon-mask.png
2025-09-20 08:14:25 +0000  copying file ./Payload/OjaskaVRDoctor.app/assets/node_modules/@expo/vector-icons/build/vendor/react-native-vector-icons/Fonts/Fontisto.ttf ... 
2025-09-20 08:14:25 +0000  313528 bytes for ./Payload/OjaskaVRDoctor.app/assets/node_modules/@expo/vector-icons/build/vendor/react-native-vector-icons/Fonts/Fontisto.ttf
2025-09-20 08:14:25 +0000  copying file ./Payload/OjaskaVRDoctor.app/assets/node_modules/@expo/vector-icons/build/vendor/react-native-vector-icons/Fonts/Octicons.ttf ... 
2025-09-20 08:14:25 +0000  69436 bytes for ./Payload/OjaskaVRDoctor.app/assets/node_modules/@expo/vector-icons/build/vendor/react-native-vector-icons/Fonts/Octicons.ttf
2025-09-20 08:14:25 +0000  copying file ./Payload/OjaskaVRDoctor.app/assets/node_modules/@expo/vector-icons/build/vendor/react-native-vector-icons/Fonts/Feather.ttf ... 
2025-09-20 08:14:25 +0000  55596 bytes for ./Payload/OjaskaVRDoctor.app/assets/node_modules/@expo/vector-icons/build/vendor/react-native-vector-icons/Fonts/Feather.ttf
2025-09-20 08:14:25 +0000  copying file ./Payload/OjaskaVRDoctor.app/assets/node_modules/@expo/vector-icons/build/vendor/react-native-vector-icons/Fonts/FontAwesome6_Regular.ttf ... 
2025-09-20 08:14:25 +0000  67976 bytes for ./Payload/OjaskaVRDoctor.app/assets/node_modules/@expo/vector-icons/build/vendor/react-native-vector-icons/Fonts/FontAwesome6_Regular.ttf
2025-09-20 08:14:25 +0000  copying file ./Payload/OjaskaVRDoctor.app/assets/node_modules/@expo/vector-icons/build/vendor/react-native-vector-icons/Fonts/Entypo.ttf ... 
2025-09-20 08:14:25 +0000  66200 bytes for ./Payload/OjaskaVRDoctor.app/assets/node_modules/@expo/vector-icons/build/vendor/react-native-vector-icons/Fonts/Entypo.ttf
2025-09-20 08:14:25 +0000  copying file ./Payload/OjaskaVRDoctor.app/assets/node_modules/@expo/vector-icons/build/vendor/react-native-vector-icons/Fonts/FontAwesome5_Brands.ttf ... 
2025-09-20 08:14:25 +0000  134040 bytes for ./Payload/OjaskaVRDoctor.app/assets/node_modules/@expo/vector-icons/build/vendor/react-native-vector-icons/Fonts/FontAwesome5_Brands.ttf
2025-09-20 08:14:25 +0000  copying file ./Payload/OjaskaVRDoctor.app/assets/node_modules/@expo/vector-icons/build/vendor/react-native-vector-icons/Fonts/MaterialCommunityIcons.ttf ... 
2025-09-20 08:14:25 +0000  1307660 bytes for ./Payload/OjaskaVRDoctor.app/assets/node_modules/@expo/vector-icons/build/vendor/react-native-vector-icons/Fonts/MaterialCommunityIcons.ttf
2025-09-20 08:14:25 +0000  copying file ./Payload/OjaskaVRDoctor.app/assets/node_modules/@expo/vector-icons/build/vendor/react-native-vector-icons/Fonts/AntDesign.ttf ... 
2025-09-20 08:14:25 +0000  130484 bytes for ./Payload/OjaskaVRDoctor.app/assets/node_modules/@expo/vector-icons/build/vendor/react-native-vector-icons/Fonts/AntDesign.ttf
2025-09-20 08:14:25 +0000  copying file ./Payload/OjaskaVRDoctor.app/assets/node_modules/@expo/vector-icons/build/vendor/react-native-vector-icons/Fonts/Foundation.ttf ... 
2025-09-20 08:14:25 +0000  56976 bytes for ./Payload/OjaskaVRDoctor.app/assets/node_modules/@expo/vector-icons/build/vendor/react-native-vector-icons/Fonts/Foundation.ttf
2025-09-20 08:14:25 +0000  copying file ./Payload/OjaskaVRDoctor.app/assets/node_modules/@expo/vector-icons/build/vendor/react-native-vector-icons/Fonts/Ionicons.ttf ... 
2025-09-20 08:14:25 +0000  389724 bytes for ./Payload/OjaskaVRDoctor.app/assets/node_modules/@expo/vector-icons/build/vendor/react-native-vector-icons/Fonts/Ionicons.ttf
2025-09-20 08:14:25 +0000  copying file ./Payload/OjaskaVRDoctor.app/assets/node_modules/@expo/vector-icons/build/vendor/react-native-vector-icons/Fonts/FontAwesome5_Solid.ttf ... 
2025-09-20 08:14:25 +0000  202744 bytes for ./Payload/OjaskaVRDoctor.app/assets/node_modules/@expo/vector-icons/build/vendor/react-native-vector-icons/Fonts/FontAwesome5_Solid.ttf
2025-09-20 08:14:25 +0000  copying file ./Payload/OjaskaVRDoctor.app/assets/node_modules/@expo/vector-icons/build/vendor/react-native-vector-icons/Fonts/FontAwesome5_Regular.ttf ... 
2025-09-20 08:14:25 +0000  33736 bytes for ./Payload/OjaskaVRDoctor.app/assets/node_modules/@expo/vector-icons/build/vendor/react-native-vector-icons/Fonts/FontAwesome5_Regular.ttf
2025-09-20 08:14:25 +0000  copying file ./Payload/OjaskaVRDoctor.app/assets/node_modules/@expo/vector-icons/build/vendor/react-native-vector-icons/Fonts/FontAwesome.ttf ... 
2025-09-20 08:14:25 +0000  165548 bytes for ./Payload/OjaskaVRDoctor.app/assets/node_modules/@expo/vector-icons/build/vendor/react-native-vector-icons/Fonts/FontAwesome.ttf
2025-09-20 08:14:25 +0000  copying file ./Payload/OjaskaVRDoctor.app/assets/node_modules/@expo/vector-icons/build/vendor/react-native-vector-icons/Fonts/Zocial.ttf ... 
2025-09-20 08:14:25 +0000  25788 bytes for ./Payload/OjaskaVRDoctor.app/assets/node_modules/@expo/vector-icons/build/vendor/react-native-vector-icons/Fonts/Zocial.ttf
2025-09-20 08:14:25 +0000  copying file ./Payload/OjaskaVRDoctor.app/assets/node_modules/@expo/vector-icons/build/vendor/react-native-vector-icons/Fonts/EvilIcons.ttf ... 
2025-09-20 08:14:25 +0000  13456 bytes for ./Payload/OjaskaVRDoctor.app/assets/node_modules/@expo/vector-icons/build/vendor/react-native-vector-icons/Fonts/EvilIcons.ttf
2025-09-20 08:14:25 +0000  copying file ./Payload/OjaskaVRDoctor.app/assets/node_modules/@expo/vector-icons/build/vendor/react-native-vector-icons/Fonts/FontAwesome6_Solid.ttf ... 
2025-09-20 08:14:25 +0000  423676 bytes for ./Payload/OjaskaVRDoctor.app/assets/node_modules/@expo/vector-icons/build/vendor/react-native-vector-icons/Fonts/FontAwesome6_Solid.ttf
2025-09-20 08:14:25 +0000  copying file ./Payload/OjaskaVRDoctor.app/assets/node_modules/@expo/vector-icons/build/vendor/react-native-vector-icons/Fonts/SimpleLineIcons.ttf ... 
2025-09-20 08:14:25 +0000  54056 bytes for ./Payload/OjaskaVRDoctor.app/assets/node_modules/@expo/vector-icons/build/vendor/react-native-vector-icons/Fonts/SimpleLineIcons.ttf
2025-09-20 08:14:25 +0000  copying file ./Payload/OjaskaVRDoctor.app/assets/node_modules/@expo/vector-icons/build/vendor/react-native-vector-icons/Fonts/FontAwesome6_Brands.ttf ... 
2025-09-20 08:14:25 +0000  209376 bytes for ./Payload/OjaskaVRDoctor.app/assets/node_modules/@expo/vector-icons/build/vendor/react-native-vector-icons/Fonts/FontAwesome6_Brands.ttf
2025-09-20 08:14:25 +0000  copying file ./Payload/OjaskaVRDoctor.app/assets/node_modules/@expo/vector-icons/build/vendor/react-native-vector-icons/Fonts/MaterialIcons.ttf ... 
2025-09-20 08:14:25 +0000  356840 bytes for ./Payload/OjaskaVRDoctor.app/assets/node_modules/@expo/vector-icons/build/vendor/react-native-vector-icons/Fonts/MaterialIcons.ttf
2025-09-20 08:14:25 +0000  copying file ./Payload/OjaskaVRDoctor.app/assets/assets/Women.png ... 
2025-09-20 08:14:25 +0000  588 bytes for ./Payload/OjaskaVRDoctor.app/assets/assets/Women.png
2025-09-20 08:14:25 +0000  copying file ./Payload/OjaskaVRDoctor.app/assets/assets/patientList.png ... 
2025-09-20 08:14:25 +0000  635 bytes for ./Payload/OjaskaVRDoctor.app/assets/assets/patientList.png
2025-09-20 08:14:25 +0000  copying file ./Payload/OjaskaVRDoctor.app/assets/assets/LoginLogo.png ... 
2025-09-20 08:14:25 +0000  477517 bytes for ./Payload/OjaskaVRDoctor.app/assets/assets/LoginLogo.png
2025-09-20 08:14:25 +0000  copying file ./Payload/OjaskaVRDoctor.app/assets/assets/Man.png ... 
2025-09-20 08:14:25 +0000  463 bytes for ./Payload/OjaskaVRDoctor.app/assets/assets/Man.png
2025-09-20 08:14:25 +0000  copying file ./Payload/OjaskaVRDoctor.app/assets/assets/patient.png ... 
2025-09-20 08:14:25 +0000  682 bytes for ./Payload/OjaskaVRDoctor.app/assets/assets/patient.png
2025-09-20 08:14:25 +0000  copying file ./Payload/OjaskaVRDoctor.app/assets/assets/fonts/ZenKakuGothicAntique-Light.ttf ... 
2025-09-20 08:14:25 +0000  2184344 bytes for ./Payload/OjaskaVRDoctor.app/assets/assets/fonts/ZenKakuGothicAntique-Light.ttf
2025-09-20 08:14:25 +0000  copying file ./Payload/OjaskaVRDoctor.app/assets/assets/fonts/ZenKakuGothicAntique-Bold.ttf ... 
2025-09-20 08:14:25 +0000  2324476 bytes for ./Payload/OjaskaVRDoctor.app/assets/assets/fonts/ZenKakuGothicAntique-Bold.ttf
2025-09-20 08:14:25 +0000  copying file ./Payload/OjaskaVRDoctor.app/assets/assets/fonts/ZenKakuGothicAntique-Medium.ttf ... 
2025-09-20 08:14:25 +0000  2337952 bytes for ./Payload/OjaskaVRDoctor.app/assets/assets/fonts/ZenKakuGothicAntique-Medium.ttf
2025-09-20 08:14:25 +0000  copying file ./Payload/OjaskaVRDoctor.app/assets/assets/fonts/ZenKakuGothicAntique-Regular.ttf ... 
2025-09-20 08:14:25 +0000  2370412 bytes for ./Payload/OjaskaVRDoctor.app/assets/assets/fonts/ZenKakuGothicAntique-Regular.ttf
2025-09-20 08:14:25 +0000  copying file ./Payload/OjaskaVRDoctor.app/Info.plist ... 
2025-09-20 08:14:25 +0000  1970 bytes for ./Payload/OjaskaVRDoctor.app/Info.plist
2025-09-20 08:14:25 +0000  copying file ./Payload/OjaskaVRDoctor.app/Expo.plist ... 
2025-09-20 08:14:25 +0000  132 bytes for ./Payload/OjaskaVRDoctor.app/Expo.plist
2025-09-20 08:14:25 +0000  copying file ./Payload/OjaskaVRDoctor.app/RNCAsyncStorage_resources.bundle/PrivacyInfo.xcprivacy ... 
2025-09-20 08:14:25 +0000  512 bytes for ./Payload/OjaskaVRDoctor.app/RNCAsyncStorage_resources.bundle/PrivacyInfo.xcprivacy
2025-09-20 08:14:25 +0000  copying file ./Payload/OjaskaVRDoctor.app/RNCAsyncStorage_resources.bundle/Info.plist ... 
2025-09-20 08:14:25 +0000  794 bytes for ./Payload/OjaskaVRDoctor.app/RNCAsyncStorage_resources.bundle/Info.plist
2025-09-20 08:14:25 +0000  copying file ./Payload/OjaskaVRDoctor.app/PkgInfo ... 
2025-09-20 08:14:25 +0000  8 bytes for ./Payload/OjaskaVRDoctor.app/PkgInfo
2025-09-20 08:14:25 +0000  copying file ./Payload/OjaskaVRDoctor.app/MaterialIcons.ttf ... 
2025-09-20 08:14:25 +0000  356840 bytes for ./Payload/OjaskaVRDoctor.app/MaterialIcons.ttf
2025-09-20 08:14:25 +0000  copying file ./Payload/OjaskaVRDoctor.app/React-Core_privacy.bundle/PrivacyInfo.xcprivacy ... 
2025-09-20 08:14:25 +0000  768 bytes for ./Payload/OjaskaVRDoctor.app/React-Core_privacy.bundle/PrivacyInfo.xcprivacy
2025-09-20 08:14:25 +0000  copying file ./Payload/OjaskaVRDoctor.app/React-Core_privacy.bundle/Info.plist ... 
2025-09-20 08:14:25 +0000  781 bytes for ./Payload/OjaskaVRDoctor.app/React-Core_privacy.bundle/Info.plist
2025-09-20 08:14:25 +0000 [MT] /usr/bin/ditto exited with 0
2025-09-20 08:14:25 +0000 [MT] Processing step: IDEDistributionAppStoreInformationStep
2025-09-20 08:14:25 +0000 [MT] Skipping step: IDEDistributionAppStoreInformationStep because it said so
2025-09-20 08:14:25 +0000 [MT] Processing step: IDEDistributionGenerateProcessedDistributionItems
2025-09-20 08:14:25 +0000 [MT] IDEDistributionItem init <DVTFilePath:0x114bfc9d0:'/var/folders/fg/55q19p_d6sb6cj4qsncl_8t80000gn/T/XcodeDistPipeline.~~~zTLVBJ/Root/Payload/OjaskaVRDoctor.app/Frameworks/ReactNativeDependencies.framework'>
2025-09-20 08:14:25 +0000 [MT] IDEDistributionItem init <DVTFilePath:0x120c5a2d0:'/var/folders/fg/55q19p_d6sb6cj4qsncl_8t80000gn/T/XcodeDistPipeline.~~~zTLVBJ/Root/Payload/OjaskaVRDoctor.app/Frameworks/hermes.framework'>
2025-09-20 08:14:25 +0000 [MT] IDEDistributionItem init <DVTFilePath:0x120c596f0:'/var/folders/fg/55q19p_d6sb6cj4qsncl_8t80000gn/T/XcodeDistPipeline.~~~zTLVBJ/Root/Payload/OjaskaVRDoctor.app/Frameworks/React.framework'>
2025-09-20 08:14:25 +0000 [MT] IDEDistributionItem init <DVTFilePath:0x114bbf200:'/var/folders/fg/55q19p_d6sb6cj4qsncl_8t80000gn/T/XcodeDistPipeline.~~~zTLVBJ/Root/Payload/OjaskaVRDoctor.app'>
2025-09-20 08:14:25 +0000 [MT] Processing step: IDEDistributionCreateManifestStep
